Terminales no usados en la gramática

   TOK_ERROR


La regla es inútil debido a los conflictos

   43 if_exp: TOK_IF TOK_PARENTESISIZQUIERDO exp TOK_PARENTESISDERECHO TOK_LLAVEIZQUIERDA


Estado 133 conflictos: 6 desplazamiento/reducción


Gramática

    0 $accept: programa $end

    1 programa: escritura_ini TOK_MAIN TOK_LLAVEIZQUIERDA declaraciones escritura1 funciones escritura2 sentencias TOK_LLAVEDERECHA

    2 escritura_ini: %empty

    3 escritura1: %empty

    4 escritura2: %empty

    5 declaraciones: declaracion
    6              | declaracion declaraciones

    7 declaracion: clase identificadores TOK_PUNTOYCOMA

    8 clase: clase_escalar
    9      | clase_vector

   10 clase_escalar: tipo

   11 tipo: TOK_INT
   12     | TOK_BOOLEAN

   13 clase_vector: TOK_ARRAY tipo TOK_CORCHETEIZQUIERDO TOK_CONSTANTE_ENTERA TOK_CORCHETEDERECHO

   14 identificadores: identificador
   15                | identificador TOK_COMA identificadores

   16 funciones: funcion funciones
   17          | %empty

   18 funcion: fn_declaration sentencias TOK_LLAVEDERECHA

   19 fn_declaration: fn_name TOK_PARENTESISIZQUIERDO parametros_funcion TOK_PARENTESISDERECHO TOK_LLAVEIZQUIERDA declaraciones_funcion

   20 fn_name: TOK_FUNCTION tipo TOK_IDENTIFICADOR

   21 parametros_funcion: parametro_funcion resto_parametros_funcion
   22                   | %empty

   23 resto_parametros_funcion: TOK_PUNTOYCOMA parametro_funcion resto_parametros_funcion
   24                         | %empty

   25 parametro_funcion: tipo idpf

   26 declaraciones_funcion: declaraciones
   27                      | %empty

   28 sentencias: sentencia
   29           | sentencia sentencias

   30 sentencia: sentencia_simple TOK_PUNTOYCOMA
   31          | bloque

   32 sentencia_simple: asignacion
   33                 | lectura
   34                 | escritura
   35                 | retorno_funcion

   36 bloque: condicional
   37       | bucle

   38 asignacion: TOK_IDENTIFICADOR TOK_ASIGNACION exp
   39           | elemento_vector TOK_ASIGNACION exp

   40 elemento_vector: TOK_IDENTIFICADOR TOK_CORCHETEIZQUIERDO exp TOK_CORCHETEDERECHO

   41 condicional: if_exp_sentencias TOK_LLAVEDERECHA
   42            | TOK_IF TOK_PARENTESISIZQUIERDO exp TOK_PARENTESISDERECHO TOK_LLAVEIZQUIERDA sentencias TOK_LLAVEDERECHA TOK_ELSE TOK_LLAVEIZQUIERDA sentencias TOK_LLAVEDERECHA

   43 if_exp: TOK_IF TOK_PARENTESISIZQUIERDO exp TOK_PARENTESISDERECHO TOK_LLAVEIZQUIERDA

   44 if_exp_sentencias: if_exp sentencias

   45 bucle: while_exp sentencias TOK_LLAVEDERECHA

   46 while: TOK_WHILE TOK_PARENTESISIZQUIERDO

   47 while_exp: while exp TOK_PARENTESISDERECHO TOK_LLAVEIZQUIERDA

   48 lectura: TOK_SCANF identificador

   49 escritura: TOK_PRINTF exp

   50 retorno_funcion: TOK_RETURN exp

   51 exp: exp TOK_MAS exp
   52    | exp TOK_MENOS exp
   53    | exp TOK_DIVISION exp
   54    | exp TOK_ASTERISCO exp
   55    | TOK_MENOS exp
   56    | exp TOK_AND exp
   57    | exp TOK_OR exp
   58    | TOK_NOT exp
   59    | TOK_IDENTIFICADOR
   60    | constante
   61    | TOK_PARENTESISIZQUIERDO exp TOK_PARENTESISDERECHO
   62    | TOK_PARENTESISIZQUIERDO comparacion TOK_PARENTESISDERECHO
   63    | elemento_vector
   64    | identificador TOK_PARENTESISIZQUIERDO lista_expresiones TOK_PARENTESISDERECHO

   65 lista_expresiones: exp resto_lista_expresiones
   66                  | %empty

   67 resto_lista_expresiones: TOK_COMA exp resto_lista_expresiones
   68                        | %empty

   69 comparacion: exp TOK_IGUAL exp
   70            | exp TOK_DISTINTO exp
   71            | exp TOK_MENORIGUAL exp
   72            | exp TOK_MAYORIGUAL exp
   73            | exp TOK_MENOR exp
   74            | exp TOK_MAYOR exp

   75 constante: constante_logica
   76          | constante_entera

   77 constante_logica: TOK_TRUE
   78                 | TOK_FALSE

   79 constante_entera: TOK_CONSTANTE_ENTERA

   80 identificador: TOK_IDENTIFICADOR

   81 idpf: TOK_IDENTIFICADOR


Terminales con las reglas donde aparecen

$end (0) 0
error (256)
TOK_IDENTIFICADOR (258) 20 38 40 59 80 81
TOK_CONSTANTE_ENTERA (259) 13 79
TOK_MAIN (260) 1
TOK_INT (261) 11
TOK_BOOLEAN (262) 12
TOK_ARRAY (263) 13
TOK_FUNCTION (264) 20
TOK_IF (265) 42 43
TOK_ELSE (266) 42
TOK_WHILE (267) 46
TOK_SCANF (268) 48
TOK_PRINTF (269) 49
TOK_RETURN (270) 50
TOK_ERROR (271)
TOK_PUNTOYCOMA (272) 7 23 30
TOK_COMA (273) 15 67
TOK_PARENTESISIZQUIERDO (274) 19 42 43 46 61 62 64
TOK_PARENTESISDERECHO (275) 19 42 43 47 61 62 64
TOK_CORCHETEIZQUIERDO (276) 13 40
TOK_CORCHETEDERECHO (277) 13 40
TOK_LLAVEIZQUIERDA (278) 1 19 42 43 47
TOK_LLAVEDERECHA (279) 1 18 41 42 45
TOK_ASIGNACION (280) 38 39
TOK_MAS (281) 51
TOK_MENOS (282) 52 55
TOK_DIVISION (283) 53
TOK_ASTERISCO (284) 54
TOK_AND (285) 56
TOK_OR (286) 57
TOK_NOT (287) 58
TOK_IGUAL (288) 69
TOK_DISTINTO (289) 70
TOK_MENORIGUAL (290) 71
TOK_MAYORIGUAL (291) 72
TOK_MENOR (292) 73
TOK_MAYOR (293) 74
TOK_TRUE (294) 77
TOK_FALSE (295) 78


No terminales con las reglas donde aparecen

$accept (41)
    en la izquierda: 0
programa (42)
    en la izquierda: 1, en la derecha: 0
escritura_ini (43)
    en la izquierda: 2, en la derecha: 1
escritura1 (44)
    en la izquierda: 3, en la derecha: 1
escritura2 (45)
    en la izquierda: 4, en la derecha: 1
declaraciones (46)
    en la izquierda: 5 6, en la derecha: 1 6 26
declaracion (47)
    en la izquierda: 7, en la derecha: 5 6
clase (48)
    en la izquierda: 8 9, en la derecha: 7
clase_escalar (49)
    en la izquierda: 10, en la derecha: 8
tipo (50)
    en la izquierda: 11 12, en la derecha: 10 13 20 25
clase_vector (51)
    en la izquierda: 13, en la derecha: 9
identificadores (52)
    en la izquierda: 14 15, en la derecha: 7 15
funciones (53)
    en la izquierda: 16 17, en la derecha: 1 16
funcion (54)
    en la izquierda: 18, en la derecha: 16
fn_declaration (55)
    en la izquierda: 19, en la derecha: 18
fn_name (56)
    en la izquierda: 20, en la derecha: 19
parametros_funcion (57)
    en la izquierda: 21 22, en la derecha: 19
resto_parametros_funcion (58)
    en la izquierda: 23 24, en la derecha: 21 23
parametro_funcion (59)
    en la izquierda: 25, en la derecha: 21 23
declaraciones_funcion (60)
    en la izquierda: 26 27, en la derecha: 19
sentencias (61)
    en la izquierda: 28 29, en la derecha: 1 18 29 42 44 45
sentencia (62)
    en la izquierda: 30 31, en la derecha: 28 29
sentencia_simple (63)
    en la izquierda: 32 33 34 35, en la derecha: 30
bloque (64)
    en la izquierda: 36 37, en la derecha: 31
asignacion (65)
    en la izquierda: 38 39, en la derecha: 32
elemento_vector (66)
    en la izquierda: 40, en la derecha: 39 63
condicional (67)
    en la izquierda: 41 42, en la derecha: 36
if_exp (68)
    en la izquierda: 43, en la derecha: 44
if_exp_sentencias (69)
    en la izquierda: 44, en la derecha: 41
bucle (70)
    en la izquierda: 45, en la derecha: 37
while (71)
    en la izquierda: 46, en la derecha: 47
while_exp (72)
    en la izquierda: 47, en la derecha: 45
lectura (73)
    en la izquierda: 48, en la derecha: 33
escritura (74)
    en la izquierda: 49, en la derecha: 34
retorno_funcion (75)
    en la izquierda: 50, en la derecha: 35
exp (76)
    en la izquierda: 51 52 53 54 55 56 57 58 59 60 61 62 63 64, en la derecha:
    38 39 40 42 43 47 49 50 51 52 53 54 55 56 57 58 61 65 67 69 70
    71 72 73 74
lista_expresiones (77)
    en la izquierda: 65 66, en la derecha: 64
resto_lista_expresiones (78)
    en la izquierda: 67 68, en la derecha: 65 67
comparacion (79)
    en la izquierda: 69 70 71 72 73 74, en la derecha: 62
constante (80)
    en la izquierda: 75 76, en la derecha: 60
constante_logica (81)
    en la izquierda: 77 78, en la derecha: 75
constante_entera (82)
    en la izquierda: 79, en la derecha: 76
identificador (83)
    en la izquierda: 80, en la derecha: 14 15 48 64
idpf (84)
    en la izquierda: 81, en la derecha: 25


Estado 0

    0 $accept: . programa $end

    $default  reduce usando la regla 2 (escritura_ini)

    programa       ir al estado 1
    escritura_ini  ir al estado 2


Estado 1

    0 $accept: programa . $end

    $end  desplazar e ir al estado 3


Estado 2

    1 programa: escritura_ini . TOK_MAIN TOK_LLAVEIZQUIERDA declaraciones escritura1 funciones escritura2 sentencias TOK_LLAVEDERECHA

    TOK_MAIN  desplazar e ir al estado 4


Estado 3

    0 $accept: programa $end .

    $default  aceptar


Estado 4

    1 programa: escritura_ini TOK_MAIN . TOK_LLAVEIZQUIERDA declaraciones escritura1 funciones escritura2 sentencias TOK_LLAVEDERECHA

    TOK_LLAVEIZQUIERDA  desplazar e ir al estado 5


Estado 5

    1 programa: escritura_ini TOK_MAIN TOK_LLAVEIZQUIERDA . declaraciones escritura1 funciones escritura2 sentencias TOK_LLAVEDERECHA

    TOK_INT      desplazar e ir al estado 6
    TOK_BOOLEAN  desplazar e ir al estado 7
    TOK_ARRAY    desplazar e ir al estado 8

    declaraciones  ir al estado 9
    declaracion    ir al estado 10
    clase          ir al estado 11
    clase_escalar  ir al estado 12
    tipo           ir al estado 13
    clase_vector   ir al estado 14


Estado 6

   11 tipo: TOK_INT .

    $default  reduce usando la regla 11 (tipo)


Estado 7

   12 tipo: TOK_BOOLEAN .

    $default  reduce usando la regla 12 (tipo)


Estado 8

   13 clase_vector: TOK_ARRAY . tipo TOK_CORCHETEIZQUIERDO TOK_CONSTANTE_ENTERA TOK_CORCHETEDERECHO

    TOK_INT      desplazar e ir al estado 6
    TOK_BOOLEAN  desplazar e ir al estado 7

    tipo  ir al estado 15


Estado 9

    1 programa: escritura_ini TOK_MAIN TOK_LLAVEIZQUIERDA declaraciones . escritura1 funciones escritura2 sentencias TOK_LLAVEDERECHA

    $default  reduce usando la regla 3 (escritura1)

    escritura1  ir al estado 16


Estado 10

    5 declaraciones: declaracion .
    6              | declaracion . declaraciones

    TOK_INT      desplazar e ir al estado 6
    TOK_BOOLEAN  desplazar e ir al estado 7
    TOK_ARRAY    desplazar e ir al estado 8

    $default  reduce usando la regla 5 (declaraciones)

    declaraciones  ir al estado 17
    declaracion    ir al estado 10
    clase          ir al estado 11
    clase_escalar  ir al estado 12
    tipo           ir al estado 13
    clase_vector   ir al estado 14


Estado 11

    7 declaracion: clase . identificadores TOK_PUNTOYCOMA

    TOK_IDENTIFICADOR  desplazar e ir al estado 18

    identificadores  ir al estado 19
    identificador    ir al estado 20


Estado 12

    8 clase: clase_escalar .

    $default  reduce usando la regla 8 (clase)


Estado 13

   10 clase_escalar: tipo .

    $default  reduce usando la regla 10 (clase_escalar)


Estado 14

    9 clase: clase_vector .

    $default  reduce usando la regla 9 (clase)


Estado 15

   13 clase_vector: TOK_ARRAY tipo . TOK_CORCHETEIZQUIERDO TOK_CONSTANTE_ENTERA TOK_CORCHETEDERECHO

    TOK_CORCHETEIZQUIERDO  desplazar e ir al estado 21


Estado 16

    1 programa: escritura_ini TOK_MAIN TOK_LLAVEIZQUIERDA declaraciones escritura1 . funciones escritura2 sentencias TOK_LLAVEDERECHA

    TOK_FUNCTION  desplazar e ir al estado 22

    $default  reduce usando la regla 17 (funciones)

    funciones       ir al estado 23
    funcion         ir al estado 24
    fn_declaration  ir al estado 25
    fn_name         ir al estado 26


Estado 17

    6 declaraciones: declaracion declaraciones .

    $default  reduce usando la regla 6 (declaraciones)


Estado 18

   80 identificador: TOK_IDENTIFICADOR .

    $default  reduce usando la regla 80 (identificador)


Estado 19

    7 declaracion: clase identificadores . TOK_PUNTOYCOMA

    TOK_PUNTOYCOMA  desplazar e ir al estado 27


Estado 20

   14 identificadores: identificador .
   15                | identificador . TOK_COMA identificadores

    TOK_COMA  desplazar e ir al estado 28

    $default  reduce usando la regla 14 (identificadores)


Estado 21

   13 clase_vector: TOK_ARRAY tipo TOK_CORCHETEIZQUIERDO . TOK_CONSTANTE_ENTERA TOK_CORCHETEDERECHO

    TOK_CONSTANTE_ENTERA  desplazar e ir al estado 29


Estado 22

   20 fn_name: TOK_FUNCTION . tipo TOK_IDENTIFICADOR

    TOK_INT      desplazar e ir al estado 6
    TOK_BOOLEAN  desplazar e ir al estado 7

    tipo  ir al estado 30


Estado 23

    1 programa: escritura_ini TOK_MAIN TOK_LLAVEIZQUIERDA declaraciones escritura1 funciones . escritura2 sentencias TOK_LLAVEDERECHA

    $default  reduce usando la regla 4 (escritura2)

    escritura2  ir al estado 31


Estado 24

   16 funciones: funcion . funciones

    TOK_FUNCTION  desplazar e ir al estado 22

    $default  reduce usando la regla 17 (funciones)

    funciones       ir al estado 32
    funcion         ir al estado 24
    fn_declaration  ir al estado 25
    fn_name         ir al estado 26


Estado 25

   18 funcion: fn_declaration . sentencias TOK_LLAVEDERECHA

    TOK_IDENTIFICADOR  desplazar e ir al estado 33
    TOK_IF             desplazar e ir al estado 34
    TOK_WHILE          desplazar e ir al estado 35
    TOK_SCANF          desplazar e ir al estado 36
    TOK_PRINTF         desplazar e ir al estado 37
    TOK_RETURN         desplazar e ir al estado 38

    sentencias         ir al estado 39
    sentencia          ir al estado 40
    sentencia_simple   ir al estado 41
    bloque             ir al estado 42
    asignacion         ir al estado 43
    elemento_vector    ir al estado 44
    condicional        ir al estado 45
    if_exp             ir al estado 46
    if_exp_sentencias  ir al estado 47
    bucle              ir al estado 48
    while              ir al estado 49
    while_exp          ir al estado 50
    lectura            ir al estado 51
    escritura          ir al estado 52
    retorno_funcion    ir al estado 53


Estado 26

   19 fn_declaration: fn_name . TOK_PARENTESISIZQUIERDO parametros_funcion TOK_PARENTESISDERECHO TOK_LLAVEIZQUIERDA declaraciones_funcion

    TOK_PARENTESISIZQUIERDO  desplazar e ir al estado 54


Estado 27

    7 declaracion: clase identificadores TOK_PUNTOYCOMA .

    $default  reduce usando la regla 7 (declaracion)


Estado 28

   15 identificadores: identificador TOK_COMA . identificadores

    TOK_IDENTIFICADOR  desplazar e ir al estado 18

    identificadores  ir al estado 55
    identificador    ir al estado 20


Estado 29

   13 clase_vector: TOK_ARRAY tipo TOK_CORCHETEIZQUIERDO TOK_CONSTANTE_ENTERA . TOK_CORCHETEDERECHO

    TOK_CORCHETEDERECHO  desplazar e ir al estado 56


Estado 30

   20 fn_name: TOK_FUNCTION tipo . TOK_IDENTIFICADOR

    TOK_IDENTIFICADOR  desplazar e ir al estado 57


Estado 31

    1 programa: escritura_ini TOK_MAIN TOK_LLAVEIZQUIERDA declaraciones escritura1 funciones escritura2 . sentencias TOK_LLAVEDERECHA

    TOK_IDENTIFICADOR  desplazar e ir al estado 33
    TOK_IF             desplazar e ir al estado 34
    TOK_WHILE          desplazar e ir al estado 35
    TOK_SCANF          desplazar e ir al estado 36
    TOK_PRINTF         desplazar e ir al estado 37
    TOK_RETURN         desplazar e ir al estado 38

    sentencias         ir al estado 58
    sentencia          ir al estado 40
    sentencia_simple   ir al estado 41
    bloque             ir al estado 42
    asignacion         ir al estado 43
    elemento_vector    ir al estado 44
    condicional        ir al estado 45
    if_exp             ir al estado 46
    if_exp_sentencias  ir al estado 47
    bucle              ir al estado 48
    while              ir al estado 49
    while_exp          ir al estado 50
    lectura            ir al estado 51
    escritura          ir al estado 52
    retorno_funcion    ir al estado 53


Estado 32

   16 funciones: funcion funciones .

    $default  reduce usando la regla 16 (funciones)


Estado 33

   38 asignacion: TOK_IDENTIFICADOR . TOK_ASIGNACION exp
   40 elemento_vector: TOK_IDENTIFICADOR . TOK_CORCHETEIZQUIERDO exp TOK_CORCHETEDERECHO

    TOK_CORCHETEIZQUIERDO  desplazar e ir al estado 59
    TOK_ASIGNACION         desplazar e ir al estado 60


Estado 34

   42 condicional: TOK_IF . TOK_PARENTESISIZQUIERDO exp TOK_PARENTESISDERECHO TOK_LLAVEIZQUIERDA sentencias TOK_LLAVEDERECHA TOK_ELSE TOK_LLAVEIZQUIERDA sentencias TOK_LLAVEDERECHA
   43 if_exp: TOK_IF . TOK_PARENTESISIZQUIERDO exp TOK_PARENTESISDERECHO TOK_LLAVEIZQUIERDA

    TOK_PARENTESISIZQUIERDO  desplazar e ir al estado 61


Estado 35

   46 while: TOK_WHILE . TOK_PARENTESISIZQUIERDO

    TOK_PARENTESISIZQUIERDO  desplazar e ir al estado 62


Estado 36

   48 lectura: TOK_SCANF . identificador

    TOK_IDENTIFICADOR  desplazar e ir al estado 18

    identificador  ir al estado 63


Estado 37

   49 escritura: TOK_PRINTF . exp

    TOK_IDENTIFICADOR        desplazar e ir al estado 64
    TOK_CONSTANTE_ENTERA     desplazar e ir al estado 65
    TOK_PARENTESISIZQUIERDO  desplazar e ir al estado 66
    TOK_MENOS                desplazar e ir al estado 67
    TOK_NOT                  desplazar e ir al estado 68
    TOK_TRUE                 desplazar e ir al estado 69
    TOK_FALSE                desplazar e ir al estado 70

    elemento_vector   ir al estado 71
    exp               ir al estado 72
    constante         ir al estado 73
    constante_logica  ir al estado 74
    constante_entera  ir al estado 75
    identificador     ir al estado 76


Estado 38

   50 retorno_funcion: TOK_RETURN . exp

    TOK_IDENTIFICADOR        desplazar e ir al estado 64
    TOK_CONSTANTE_ENTERA     desplazar e ir al estado 65
    TOK_PARENTESISIZQUIERDO  desplazar e ir al estado 66
    TOK_MENOS                desplazar e ir al estado 67
    TOK_NOT                  desplazar e ir al estado 68
    TOK_TRUE                 desplazar e ir al estado 69
    TOK_FALSE                desplazar e ir al estado 70

    elemento_vector   ir al estado 71
    exp               ir al estado 77
    constante         ir al estado 73
    constante_logica  ir al estado 74
    constante_entera  ir al estado 75
    identificador     ir al estado 76


Estado 39

   18 funcion: fn_declaration sentencias . TOK_LLAVEDERECHA

    TOK_LLAVEDERECHA  desplazar e ir al estado 78


Estado 40

   28 sentencias: sentencia .
   29           | sentencia . sentencias

    TOK_IDENTIFICADOR  desplazar e ir al estado 33
    TOK_IF             desplazar e ir al estado 34
    TOK_WHILE          desplazar e ir al estado 35
    TOK_SCANF          desplazar e ir al estado 36
    TOK_PRINTF         desplazar e ir al estado 37
    TOK_RETURN         desplazar e ir al estado 38

    $default  reduce usando la regla 28 (sentencias)

    sentencias         ir al estado 79
    sentencia          ir al estado 40
    sentencia_simple   ir al estado 41
    bloque             ir al estado 42
    asignacion         ir al estado 43
    elemento_vector    ir al estado 44
    condicional        ir al estado 45
    if_exp             ir al estado 46
    if_exp_sentencias  ir al estado 47
    bucle              ir al estado 48
    while              ir al estado 49
    while_exp          ir al estado 50
    lectura            ir al estado 51
    escritura          ir al estado 52
    retorno_funcion    ir al estado 53


Estado 41

   30 sentencia: sentencia_simple . TOK_PUNTOYCOMA

    TOK_PUNTOYCOMA  desplazar e ir al estado 80


Estado 42

   31 sentencia: bloque .

    $default  reduce usando la regla 31 (sentencia)


Estado 43

   32 sentencia_simple: asignacion .

    $default  reduce usando la regla 32 (sentencia_simple)


Estado 44

   39 asignacion: elemento_vector . TOK_ASIGNACION exp

    TOK_ASIGNACION  desplazar e ir al estado 81


Estado 45

   36 bloque: condicional .

    $default  reduce usando la regla 36 (bloque)


Estado 46

   44 if_exp_sentencias: if_exp . sentencias

    TOK_IDENTIFICADOR  desplazar e ir al estado 33
    TOK_IF             desplazar e ir al estado 34
    TOK_WHILE          desplazar e ir al estado 35
    TOK_SCANF          desplazar e ir al estado 36
    TOK_PRINTF         desplazar e ir al estado 37
    TOK_RETURN         desplazar e ir al estado 38

    sentencias         ir al estado 82
    sentencia          ir al estado 40
    sentencia_simple   ir al estado 41
    bloque             ir al estado 42
    asignacion         ir al estado 43
    elemento_vector    ir al estado 44
    condicional        ir al estado 45
    if_exp             ir al estado 46
    if_exp_sentencias  ir al estado 47
    bucle              ir al estado 48
    while              ir al estado 49
    while_exp          ir al estado 50
    lectura            ir al estado 51
    escritura          ir al estado 52
    retorno_funcion    ir al estado 53


Estado 47

   41 condicional: if_exp_sentencias . TOK_LLAVEDERECHA

    TOK_LLAVEDERECHA  desplazar e ir al estado 83


Estado 48

   37 bloque: bucle .

    $default  reduce usando la regla 37 (bloque)


Estado 49

   47 while_exp: while . exp TOK_PARENTESISDERECHO TOK_LLAVEIZQUIERDA

    TOK_IDENTIFICADOR        desplazar e ir al estado 64
    TOK_CONSTANTE_ENTERA     desplazar e ir al estado 65
    TOK_PARENTESISIZQUIERDO  desplazar e ir al estado 66
    TOK_MENOS                desplazar e ir al estado 67
    TOK_NOT                  desplazar e ir al estado 68
    TOK_TRUE                 desplazar e ir al estado 69
    TOK_FALSE                desplazar e ir al estado 70

    elemento_vector   ir al estado 71
    exp               ir al estado 84
    constante         ir al estado 73
    constante_logica  ir al estado 74
    constante_entera  ir al estado 75
    identificador     ir al estado 76


Estado 50

   45 bucle: while_exp . sentencias TOK_LLAVEDERECHA

    TOK_IDENTIFICADOR  desplazar e ir al estado 33
    TOK_IF             desplazar e ir al estado 34
    TOK_WHILE          desplazar e ir al estado 35
    TOK_SCANF          desplazar e ir al estado 36
    TOK_PRINTF         desplazar e ir al estado 37
    TOK_RETURN         desplazar e ir al estado 38

    sentencias         ir al estado 85
    sentencia          ir al estado 40
    sentencia_simple   ir al estado 41
    bloque             ir al estado 42
    asignacion         ir al estado 43
    elemento_vector    ir al estado 44
    condicional        ir al estado 45
    if_exp             ir al estado 46
    if_exp_sentencias  ir al estado 47
    bucle              ir al estado 48
    while              ir al estado 49
    while_exp          ir al estado 50
    lectura            ir al estado 51
    escritura          ir al estado 52
    retorno_funcion    ir al estado 53


Estado 51

   33 sentencia_simple: lectura .

    $default  reduce usando la regla 33 (sentencia_simple)


Estado 52

   34 sentencia_simple: escritura .

    $default  reduce usando la regla 34 (sentencia_simple)


Estado 53

   35 sentencia_simple: retorno_funcion .

    $default  reduce usando la regla 35 (sentencia_simple)


Estado 54

   19 fn_declaration: fn_name TOK_PARENTESISIZQUIERDO . parametros_funcion TOK_PARENTESISDERECHO TOK_LLAVEIZQUIERDA declaraciones_funcion

    TOK_INT      desplazar e ir al estado 6
    TOK_BOOLEAN  desplazar e ir al estado 7

    $default  reduce usando la regla 22 (parametros_funcion)

    tipo                ir al estado 86
    parametros_funcion  ir al estado 87
    parametro_funcion   ir al estado 88


Estado 55

   15 identificadores: identificador TOK_COMA identificadores .

    $default  reduce usando la regla 15 (identificadores)


Estado 56

   13 clase_vector: TOK_ARRAY tipo TOK_CORCHETEIZQUIERDO TOK_CONSTANTE_ENTERA TOK_CORCHETEDERECHO .

    $default  reduce usando la regla 13 (clase_vector)


Estado 57

   20 fn_name: TOK_FUNCTION tipo TOK_IDENTIFICADOR .

    $default  reduce usando la regla 20 (fn_name)


Estado 58

    1 programa: escritura_ini TOK_MAIN TOK_LLAVEIZQUIERDA declaraciones escritura1 funciones escritura2 sentencias . TOK_LLAVEDERECHA

    TOK_LLAVEDERECHA  desplazar e ir al estado 89


Estado 59

   40 elemento_vector: TOK_IDENTIFICADOR TOK_CORCHETEIZQUIERDO . exp TOK_CORCHETEDERECHO

    TOK_IDENTIFICADOR        desplazar e ir al estado 64
    TOK_CONSTANTE_ENTERA     desplazar e ir al estado 65
    TOK_PARENTESISIZQUIERDO  desplazar e ir al estado 66
    TOK_MENOS                desplazar e ir al estado 67
    TOK_NOT                  desplazar e ir al estado 68
    TOK_TRUE                 desplazar e ir al estado 69
    TOK_FALSE                desplazar e ir al estado 70

    elemento_vector   ir al estado 71
    exp               ir al estado 90
    constante         ir al estado 73
    constante_logica  ir al estado 74
    constante_entera  ir al estado 75
    identificador     ir al estado 76


Estado 60

   38 asignacion: TOK_IDENTIFICADOR TOK_ASIGNACION . exp

    TOK_IDENTIFICADOR        desplazar e ir al estado 64
    TOK_CONSTANTE_ENTERA     desplazar e ir al estado 65
    TOK_PARENTESISIZQUIERDO  desplazar e ir al estado 66
    TOK_MENOS                desplazar e ir al estado 67
    TOK_NOT                  desplazar e ir al estado 68
    TOK_TRUE                 desplazar e ir al estado 69
    TOK_FALSE                desplazar e ir al estado 70

    elemento_vector   ir al estado 71
    exp               ir al estado 91
    constante         ir al estado 73
    constante_logica  ir al estado 74
    constante_entera  ir al estado 75
    identificador     ir al estado 76


Estado 61

   42 condicional: TOK_IF TOK_PARENTESISIZQUIERDO . exp TOK_PARENTESISDERECHO TOK_LLAVEIZQUIERDA sentencias TOK_LLAVEDERECHA TOK_ELSE TOK_LLAVEIZQUIERDA sentencias TOK_LLAVEDERECHA
   43 if_exp: TOK_IF TOK_PARENTESISIZQUIERDO . exp TOK_PARENTESISDERECHO TOK_LLAVEIZQUIERDA

    TOK_IDENTIFICADOR        desplazar e ir al estado 64
    TOK_CONSTANTE_ENTERA     desplazar e ir al estado 65
    TOK_PARENTESISIZQUIERDO  desplazar e ir al estado 66
    TOK_MENOS                desplazar e ir al estado 67
    TOK_NOT                  desplazar e ir al estado 68
    TOK_TRUE                 desplazar e ir al estado 69
    TOK_FALSE                desplazar e ir al estado 70

    elemento_vector   ir al estado 71
    exp               ir al estado 92
    constante         ir al estado 73
    constante_logica  ir al estado 74
    constante_entera  ir al estado 75
    identificador     ir al estado 76


Estado 62

   46 while: TOK_WHILE TOK_PARENTESISIZQUIERDO .

    $default  reduce usando la regla 46 (while)


Estado 63

   48 lectura: TOK_SCANF identificador .

    $default  reduce usando la regla 48 (lectura)


Estado 64

   40 elemento_vector: TOK_IDENTIFICADOR . TOK_CORCHETEIZQUIERDO exp TOK_CORCHETEDERECHO
   59 exp: TOK_IDENTIFICADOR .
   80 identificador: TOK_IDENTIFICADOR .

    TOK_CORCHETEIZQUIERDO  desplazar e ir al estado 59

    TOK_PARENTESISIZQUIERDO  reduce usando la regla 80 (identificador)
    $default                 reduce usando la regla 59 (exp)


Estado 65

   79 constante_entera: TOK_CONSTANTE_ENTERA .

    $default  reduce usando la regla 79 (constante_entera)


Estado 66

   61 exp: TOK_PARENTESISIZQUIERDO . exp TOK_PARENTESISDERECHO
   62    | TOK_PARENTESISIZQUIERDO . comparacion TOK_PARENTESISDERECHO

    TOK_IDENTIFICADOR        desplazar e ir al estado 64
    TOK_CONSTANTE_ENTERA     desplazar e ir al estado 65
    TOK_PARENTESISIZQUIERDO  desplazar e ir al estado 66
    TOK_MENOS                desplazar e ir al estado 67
    TOK_NOT                  desplazar e ir al estado 68
    TOK_TRUE                 desplazar e ir al estado 69
    TOK_FALSE                desplazar e ir al estado 70

    elemento_vector   ir al estado 71
    exp               ir al estado 93
    comparacion       ir al estado 94
    constante         ir al estado 73
    constante_logica  ir al estado 74
    constante_entera  ir al estado 75
    identificador     ir al estado 76


Estado 67

   55 exp: TOK_MENOS . exp

    TOK_IDENTIFICADOR        desplazar e ir al estado 64
    TOK_CONSTANTE_ENTERA     desplazar e ir al estado 65
    TOK_PARENTESISIZQUIERDO  desplazar e ir al estado 66
    TOK_MENOS                desplazar e ir al estado 67
    TOK_NOT                  desplazar e ir al estado 68
    TOK_TRUE                 desplazar e ir al estado 69
    TOK_FALSE                desplazar e ir al estado 70

    elemento_vector   ir al estado 71
    exp               ir al estado 95
    constante         ir al estado 73
    constante_logica  ir al estado 74
    constante_entera  ir al estado 75
    identificador     ir al estado 76


Estado 68

   58 exp: TOK_NOT . exp

    TOK_IDENTIFICADOR        desplazar e ir al estado 64
    TOK_CONSTANTE_ENTERA     desplazar e ir al estado 65
    TOK_PARENTESISIZQUIERDO  desplazar e ir al estado 66
    TOK_MENOS                desplazar e ir al estado 67
    TOK_NOT                  desplazar e ir al estado 68
    TOK_TRUE                 desplazar e ir al estado 69
    TOK_FALSE                desplazar e ir al estado 70

    elemento_vector   ir al estado 71
    exp               ir al estado 96
    constante         ir al estado 73
    constante_logica  ir al estado 74
    constante_entera  ir al estado 75
    identificador     ir al estado 76


Estado 69

   77 constante_logica: TOK_TRUE .

    $default  reduce usando la regla 77 (constante_logica)


Estado 70

   78 constante_logica: TOK_FALSE .

    $default  reduce usando la regla 78 (constante_logica)


Estado 71

   63 exp: elemento_vector .

    $default  reduce usando la regla 63 (exp)


Estado 72

   49 escritura: TOK_PRINTF exp .
   51 exp: exp . TOK_MAS exp
   52    | exp . TOK_MENOS exp
   53    | exp . TOK_DIVISION exp
   54    | exp . TOK_ASTERISCO exp
   56    | exp . TOK_AND exp
   57    | exp . TOK_OR exp

    TOK_MAS        desplazar e ir al estado 97
    TOK_MENOS      desplazar e ir al estado 98
    TOK_DIVISION   desplazar e ir al estado 99
    TOK_ASTERISCO  desplazar e ir al estado 100
    TOK_AND        desplazar e ir al estado 101
    TOK_OR         desplazar e ir al estado 102

    $default  reduce usando la regla 49 (escritura)


Estado 73

   60 exp: constante .

    $default  reduce usando la regla 60 (exp)


Estado 74

   75 constante: constante_logica .

    $default  reduce usando la regla 75 (constante)


Estado 75

   76 constante: constante_entera .

    $default  reduce usando la regla 76 (constante)


Estado 76

   64 exp: identificador . TOK_PARENTESISIZQUIERDO lista_expresiones TOK_PARENTESISDERECHO

    TOK_PARENTESISIZQUIERDO  desplazar e ir al estado 103


Estado 77

   50 retorno_funcion: TOK_RETURN exp .
   51 exp: exp . TOK_MAS exp
   52    | exp . TOK_MENOS exp
   53    | exp . TOK_DIVISION exp
   54    | exp . TOK_ASTERISCO exp
   56    | exp . TOK_AND exp
   57    | exp . TOK_OR exp

    TOK_MAS        desplazar e ir al estado 97
    TOK_MENOS      desplazar e ir al estado 98
    TOK_DIVISION   desplazar e ir al estado 99
    TOK_ASTERISCO  desplazar e ir al estado 100
    TOK_AND        desplazar e ir al estado 101
    TOK_OR         desplazar e ir al estado 102

    $default  reduce usando la regla 50 (retorno_funcion)


Estado 78

   18 funcion: fn_declaration sentencias TOK_LLAVEDERECHA .

    $default  reduce usando la regla 18 (funcion)


Estado 79

   29 sentencias: sentencia sentencias .

    $default  reduce usando la regla 29 (sentencias)


Estado 80

   30 sentencia: sentencia_simple TOK_PUNTOYCOMA .

    $default  reduce usando la regla 30 (sentencia)


Estado 81

   39 asignacion: elemento_vector TOK_ASIGNACION . exp

    TOK_IDENTIFICADOR        desplazar e ir al estado 64
    TOK_CONSTANTE_ENTERA     desplazar e ir al estado 65
    TOK_PARENTESISIZQUIERDO  desplazar e ir al estado 66
    TOK_MENOS                desplazar e ir al estado 67
    TOK_NOT                  desplazar e ir al estado 68
    TOK_TRUE                 desplazar e ir al estado 69
    TOK_FALSE                desplazar e ir al estado 70

    elemento_vector   ir al estado 71
    exp               ir al estado 104
    constante         ir al estado 73
    constante_logica  ir al estado 74
    constante_entera  ir al estado 75
    identificador     ir al estado 76


Estado 82

   44 if_exp_sentencias: if_exp sentencias .

    $default  reduce usando la regla 44 (if_exp_sentencias)


Estado 83

   41 condicional: if_exp_sentencias TOK_LLAVEDERECHA .

    $default  reduce usando la regla 41 (condicional)


Estado 84

   47 while_exp: while exp . TOK_PARENTESISDERECHO TOK_LLAVEIZQUIERDA
   51 exp: exp . TOK_MAS exp
   52    | exp . TOK_MENOS exp
   53    | exp . TOK_DIVISION exp
   54    | exp . TOK_ASTERISCO exp
   56    | exp . TOK_AND exp
   57    | exp . TOK_OR exp

    TOK_PARENTESISDERECHO  desplazar e ir al estado 105
    TOK_MAS                desplazar e ir al estado 97
    TOK_MENOS              desplazar e ir al estado 98
    TOK_DIVISION           desplazar e ir al estado 99
    TOK_ASTERISCO          desplazar e ir al estado 100
    TOK_AND                desplazar e ir al estado 101
    TOK_OR                 desplazar e ir al estado 102


Estado 85

   45 bucle: while_exp sentencias . TOK_LLAVEDERECHA

    TOK_LLAVEDERECHA  desplazar e ir al estado 106


Estado 86

   25 parametro_funcion: tipo . idpf

    TOK_IDENTIFICADOR  desplazar e ir al estado 107

    idpf  ir al estado 108


Estado 87

   19 fn_declaration: fn_name TOK_PARENTESISIZQUIERDO parametros_funcion . TOK_PARENTESISDERECHO TOK_LLAVEIZQUIERDA declaraciones_funcion

    TOK_PARENTESISDERECHO  desplazar e ir al estado 109


Estado 88

   21 parametros_funcion: parametro_funcion . resto_parametros_funcion

    TOK_PUNTOYCOMA  desplazar e ir al estado 110

    $default  reduce usando la regla 24 (resto_parametros_funcion)

    resto_parametros_funcion  ir al estado 111


Estado 89

    1 programa: escritura_ini TOK_MAIN TOK_LLAVEIZQUIERDA declaraciones escritura1 funciones escritura2 sentencias TOK_LLAVEDERECHA .

    $default  reduce usando la regla 1 (programa)


Estado 90

   40 elemento_vector: TOK_IDENTIFICADOR TOK_CORCHETEIZQUIERDO exp . TOK_CORCHETEDERECHO
   51 exp: exp . TOK_MAS exp
   52    | exp . TOK_MENOS exp
   53    | exp . TOK_DIVISION exp
   54    | exp . TOK_ASTERISCO exp
   56    | exp . TOK_AND exp
   57    | exp . TOK_OR exp

    TOK_CORCHETEDERECHO  desplazar e ir al estado 112
    TOK_MAS              desplazar e ir al estado 97
    TOK_MENOS            desplazar e ir al estado 98
    TOK_DIVISION         desplazar e ir al estado 99
    TOK_ASTERISCO        desplazar e ir al estado 100
    TOK_AND              desplazar e ir al estado 101
    TOK_OR               desplazar e ir al estado 102


Estado 91

   38 asignacion: TOK_IDENTIFICADOR TOK_ASIGNACION exp .
   51 exp: exp . TOK_MAS exp
   52    | exp . TOK_MENOS exp
   53    | exp . TOK_DIVISION exp
   54    | exp . TOK_ASTERISCO exp
   56    | exp . TOK_AND exp
   57    | exp . TOK_OR exp

    TOK_MAS        desplazar e ir al estado 97
    TOK_MENOS      desplazar e ir al estado 98
    TOK_DIVISION   desplazar e ir al estado 99
    TOK_ASTERISCO  desplazar e ir al estado 100
    TOK_AND        desplazar e ir al estado 101
    TOK_OR         desplazar e ir al estado 102

    $default  reduce usando la regla 38 (asignacion)


Estado 92

   42 condicional: TOK_IF TOK_PARENTESISIZQUIERDO exp . TOK_PARENTESISDERECHO TOK_LLAVEIZQUIERDA sentencias TOK_LLAVEDERECHA TOK_ELSE TOK_LLAVEIZQUIERDA sentencias TOK_LLAVEDERECHA
   43 if_exp: TOK_IF TOK_PARENTESISIZQUIERDO exp . TOK_PARENTESISDERECHO TOK_LLAVEIZQUIERDA
   51 exp: exp . TOK_MAS exp
   52    | exp . TOK_MENOS exp
   53    | exp . TOK_DIVISION exp
   54    | exp . TOK_ASTERISCO exp
   56    | exp . TOK_AND exp
   57    | exp . TOK_OR exp

    TOK_PARENTESISDERECHO  desplazar e ir al estado 113
    TOK_MAS                desplazar e ir al estado 97
    TOK_MENOS              desplazar e ir al estado 98
    TOK_DIVISION           desplazar e ir al estado 99
    TOK_ASTERISCO          desplazar e ir al estado 100
    TOK_AND                desplazar e ir al estado 101
    TOK_OR                 desplazar e ir al estado 102


Estado 93

   51 exp: exp . TOK_MAS exp
   52    | exp . TOK_MENOS exp
   53    | exp . TOK_DIVISION exp
   54    | exp . TOK_ASTERISCO exp
   56    | exp . TOK_AND exp
   57    | exp . TOK_OR exp
   61    | TOK_PARENTESISIZQUIERDO exp . TOK_PARENTESISDERECHO
   69 comparacion: exp . TOK_IGUAL exp
   70            | exp . TOK_DISTINTO exp
   71            | exp . TOK_MENORIGUAL exp
   72            | exp . TOK_MAYORIGUAL exp
   73            | exp . TOK_MENOR exp
   74            | exp . TOK_MAYOR exp

    TOK_PARENTESISDERECHO  desplazar e ir al estado 114
    TOK_MAS                desplazar e ir al estado 97
    TOK_MENOS              desplazar e ir al estado 98
    TOK_DIVISION           desplazar e ir al estado 99
    TOK_ASTERISCO          desplazar e ir al estado 100
    TOK_AND                desplazar e ir al estado 101
    TOK_OR                 desplazar e ir al estado 102
    TOK_IGUAL              desplazar e ir al estado 115
    TOK_DISTINTO           desplazar e ir al estado 116
    TOK_MENORIGUAL         desplazar e ir al estado 117
    TOK_MAYORIGUAL         desplazar e ir al estado 118
    TOK_MENOR              desplazar e ir al estado 119
    TOK_MAYOR              desplazar e ir al estado 120


Estado 94

   62 exp: TOK_PARENTESISIZQUIERDO comparacion . TOK_PARENTESISDERECHO

    TOK_PARENTESISDERECHO  desplazar e ir al estado 121


Estado 95

   51 exp: exp . TOK_MAS exp
   52    | exp . TOK_MENOS exp
   53    | exp . TOK_DIVISION exp
   54    | exp . TOK_ASTERISCO exp
   55    | TOK_MENOS exp .
   56    | exp . TOK_AND exp
   57    | exp . TOK_OR exp

    TOK_DIVISION   desplazar e ir al estado 99
    TOK_ASTERISCO  desplazar e ir al estado 100
    TOK_AND        desplazar e ir al estado 101
    TOK_OR         desplazar e ir al estado 102

    $default  reduce usando la regla 55 (exp)


Estado 96

   51 exp: exp . TOK_MAS exp
   52    | exp . TOK_MENOS exp
   53    | exp . TOK_DIVISION exp
   54    | exp . TOK_ASTERISCO exp
   56    | exp . TOK_AND exp
   57    | exp . TOK_OR exp
   58    | TOK_NOT exp .

    TOK_AND  desplazar e ir al estado 101
    TOK_OR   desplazar e ir al estado 102

    $default  reduce usando la regla 58 (exp)


Estado 97

   51 exp: exp TOK_MAS . exp

    TOK_IDENTIFICADOR        desplazar e ir al estado 64
    TOK_CONSTANTE_ENTERA     desplazar e ir al estado 65
    TOK_PARENTESISIZQUIERDO  desplazar e ir al estado 66
    TOK_MENOS                desplazar e ir al estado 67
    TOK_NOT                  desplazar e ir al estado 68
    TOK_TRUE                 desplazar e ir al estado 69
    TOK_FALSE                desplazar e ir al estado 70

    elemento_vector   ir al estado 71
    exp               ir al estado 122
    constante         ir al estado 73
    constante_logica  ir al estado 74
    constante_entera  ir al estado 75
    identificador     ir al estado 76


Estado 98

   52 exp: exp TOK_MENOS . exp

    TOK_IDENTIFICADOR        desplazar e ir al estado 64
    TOK_CONSTANTE_ENTERA     desplazar e ir al estado 65
    TOK_PARENTESISIZQUIERDO  desplazar e ir al estado 66
    TOK_MENOS                desplazar e ir al estado 67
    TOK_NOT                  desplazar e ir al estado 68
    TOK_TRUE                 desplazar e ir al estado 69
    TOK_FALSE                desplazar e ir al estado 70

    elemento_vector   ir al estado 71
    exp               ir al estado 123
    constante         ir al estado 73
    constante_logica  ir al estado 74
    constante_entera  ir al estado 75
    identificador     ir al estado 76


Estado 99

   53 exp: exp TOK_DIVISION . exp

    TOK_IDENTIFICADOR        desplazar e ir al estado 64
    TOK_CONSTANTE_ENTERA     desplazar e ir al estado 65
    TOK_PARENTESISIZQUIERDO  desplazar e ir al estado 66
    TOK_MENOS                desplazar e ir al estado 67
    TOK_NOT                  desplazar e ir al estado 68
    TOK_TRUE                 desplazar e ir al estado 69
    TOK_FALSE                desplazar e ir al estado 70

    elemento_vector   ir al estado 71
    exp               ir al estado 124
    constante         ir al estado 73
    constante_logica  ir al estado 74
    constante_entera  ir al estado 75
    identificador     ir al estado 76


Estado 100

   54 exp: exp TOK_ASTERISCO . exp

    TOK_IDENTIFICADOR        desplazar e ir al estado 64
    TOK_CONSTANTE_ENTERA     desplazar e ir al estado 65
    TOK_PARENTESISIZQUIERDO  desplazar e ir al estado 66
    TOK_MENOS                desplazar e ir al estado 67
    TOK_NOT                  desplazar e ir al estado 68
    TOK_TRUE                 desplazar e ir al estado 69
    TOK_FALSE                desplazar e ir al estado 70

    elemento_vector   ir al estado 71
    exp               ir al estado 125
    constante         ir al estado 73
    constante_logica  ir al estado 74
    constante_entera  ir al estado 75
    identificador     ir al estado 76


Estado 101

   56 exp: exp TOK_AND . exp

    TOK_IDENTIFICADOR        desplazar e ir al estado 64
    TOK_CONSTANTE_ENTERA     desplazar e ir al estado 65
    TOK_PARENTESISIZQUIERDO  desplazar e ir al estado 66
    TOK_MENOS                desplazar e ir al estado 67
    TOK_NOT                  desplazar e ir al estado 68
    TOK_TRUE                 desplazar e ir al estado 69
    TOK_FALSE                desplazar e ir al estado 70

    elemento_vector   ir al estado 71
    exp               ir al estado 126
    constante         ir al estado 73
    constante_logica  ir al estado 74
    constante_entera  ir al estado 75
    identificador     ir al estado 76


Estado 102

   57 exp: exp TOK_OR . exp

    TOK_IDENTIFICADOR        desplazar e ir al estado 64
    TOK_CONSTANTE_ENTERA     desplazar e ir al estado 65
    TOK_PARENTESISIZQUIERDO  desplazar e ir al estado 66
    TOK_MENOS                desplazar e ir al estado 67
    TOK_NOT                  desplazar e ir al estado 68
    TOK_TRUE                 desplazar e ir al estado 69
    TOK_FALSE                desplazar e ir al estado 70

    elemento_vector   ir al estado 71
    exp               ir al estado 127
    constante         ir al estado 73
    constante_logica  ir al estado 74
    constante_entera  ir al estado 75
    identificador     ir al estado 76


Estado 103

   64 exp: identificador TOK_PARENTESISIZQUIERDO . lista_expresiones TOK_PARENTESISDERECHO

    TOK_IDENTIFICADOR        desplazar e ir al estado 64
    TOK_CONSTANTE_ENTERA     desplazar e ir al estado 65
    TOK_PARENTESISIZQUIERDO  desplazar e ir al estado 66
    TOK_MENOS                desplazar e ir al estado 67
    TOK_NOT                  desplazar e ir al estado 68
    TOK_TRUE                 desplazar e ir al estado 69
    TOK_FALSE                desplazar e ir al estado 70

    $default  reduce usando la regla 66 (lista_expresiones)

    elemento_vector    ir al estado 71
    exp                ir al estado 128
    lista_expresiones  ir al estado 129
    constante          ir al estado 73
    constante_logica   ir al estado 74
    constante_entera   ir al estado 75
    identificador      ir al estado 76


Estado 104

   39 asignacion: elemento_vector TOK_ASIGNACION exp .
   51 exp: exp . TOK_MAS exp
   52    | exp . TOK_MENOS exp
   53    | exp . TOK_DIVISION exp
   54    | exp . TOK_ASTERISCO exp
   56    | exp . TOK_AND exp
   57    | exp . TOK_OR exp

    TOK_MAS        desplazar e ir al estado 97
    TOK_MENOS      desplazar e ir al estado 98
    TOK_DIVISION   desplazar e ir al estado 99
    TOK_ASTERISCO  desplazar e ir al estado 100
    TOK_AND        desplazar e ir al estado 101
    TOK_OR         desplazar e ir al estado 102

    $default  reduce usando la regla 39 (asignacion)


Estado 105

   47 while_exp: while exp TOK_PARENTESISDERECHO . TOK_LLAVEIZQUIERDA

    TOK_LLAVEIZQUIERDA  desplazar e ir al estado 130


Estado 106

   45 bucle: while_exp sentencias TOK_LLAVEDERECHA .

    $default  reduce usando la regla 45 (bucle)


Estado 107

   81 idpf: TOK_IDENTIFICADOR .

    $default  reduce usando la regla 81 (idpf)


Estado 108

   25 parametro_funcion: tipo idpf .

    $default  reduce usando la regla 25 (parametro_funcion)


Estado 109

   19 fn_declaration: fn_name TOK_PARENTESISIZQUIERDO parametros_funcion TOK_PARENTESISDERECHO . TOK_LLAVEIZQUIERDA declaraciones_funcion

    TOK_LLAVEIZQUIERDA  desplazar e ir al estado 131


Estado 110

   23 resto_parametros_funcion: TOK_PUNTOYCOMA . parametro_funcion resto_parametros_funcion

    TOK_INT      desplazar e ir al estado 6
    TOK_BOOLEAN  desplazar e ir al estado 7

    tipo               ir al estado 86
    parametro_funcion  ir al estado 132


Estado 111

   21 parametros_funcion: parametro_funcion resto_parametros_funcion .

    $default  reduce usando la regla 21 (parametros_funcion)


Estado 112

   40 elemento_vector: TOK_IDENTIFICADOR TOK_CORCHETEIZQUIERDO exp TOK_CORCHETEDERECHO .

    $default  reduce usando la regla 40 (elemento_vector)


Estado 113

   42 condicional: TOK_IF TOK_PARENTESISIZQUIERDO exp TOK_PARENTESISDERECHO . TOK_LLAVEIZQUIERDA sentencias TOK_LLAVEDERECHA TOK_ELSE TOK_LLAVEIZQUIERDA sentencias TOK_LLAVEDERECHA
   43 if_exp: TOK_IF TOK_PARENTESISIZQUIERDO exp TOK_PARENTESISDERECHO . TOK_LLAVEIZQUIERDA

    TOK_LLAVEIZQUIERDA  desplazar e ir al estado 133


Estado 114

   61 exp: TOK_PARENTESISIZQUIERDO exp TOK_PARENTESISDERECHO .

    $default  reduce usando la regla 61 (exp)


Estado 115

   69 comparacion: exp TOK_IGUAL . exp

    TOK_IDENTIFICADOR        desplazar e ir al estado 64
    TOK_CONSTANTE_ENTERA     desplazar e ir al estado 65
    TOK_PARENTESISIZQUIERDO  desplazar e ir al estado 66
    TOK_MENOS                desplazar e ir al estado 67
    TOK_NOT                  desplazar e ir al estado 68
    TOK_TRUE                 desplazar e ir al estado 69
    TOK_FALSE                desplazar e ir al estado 70

    elemento_vector   ir al estado 71
    exp               ir al estado 134
    constante         ir al estado 73
    constante_logica  ir al estado 74
    constante_entera  ir al estado 75
    identificador     ir al estado 76


Estado 116

   70 comparacion: exp TOK_DISTINTO . exp

    TOK_IDENTIFICADOR        desplazar e ir al estado 64
    TOK_CONSTANTE_ENTERA     desplazar e ir al estado 65
    TOK_PARENTESISIZQUIERDO  desplazar e ir al estado 66
    TOK_MENOS                desplazar e ir al estado 67
    TOK_NOT                  desplazar e ir al estado 68
    TOK_TRUE                 desplazar e ir al estado 69
    TOK_FALSE                desplazar e ir al estado 70

    elemento_vector   ir al estado 71
    exp               ir al estado 135
    constante         ir al estado 73
    constante_logica  ir al estado 74
    constante_entera  ir al estado 75
    identificador     ir al estado 76


Estado 117

   71 comparacion: exp TOK_MENORIGUAL . exp

    TOK_IDENTIFICADOR        desplazar e ir al estado 64
    TOK_CONSTANTE_ENTERA     desplazar e ir al estado 65
    TOK_PARENTESISIZQUIERDO  desplazar e ir al estado 66
    TOK_MENOS                desplazar e ir al estado 67
    TOK_NOT                  desplazar e ir al estado 68
    TOK_TRUE                 desplazar e ir al estado 69
    TOK_FALSE                desplazar e ir al estado 70

    elemento_vector   ir al estado 71
    exp               ir al estado 136
    constante         ir al estado 73
    constante_logica  ir al estado 74
    constante_entera  ir al estado 75
    identificador     ir al estado 76


Estado 118

   72 comparacion: exp TOK_MAYORIGUAL . exp

    TOK_IDENTIFICADOR        desplazar e ir al estado 64
    TOK_CONSTANTE_ENTERA     desplazar e ir al estado 65
    TOK_PARENTESISIZQUIERDO  desplazar e ir al estado 66
    TOK_MENOS                desplazar e ir al estado 67
    TOK_NOT                  desplazar e ir al estado 68
    TOK_TRUE                 desplazar e ir al estado 69
    TOK_FALSE                desplazar e ir al estado 70

    elemento_vector   ir al estado 71
    exp               ir al estado 137
    constante         ir al estado 73
    constante_logica  ir al estado 74
    constante_entera  ir al estado 75
    identificador     ir al estado 76


Estado 119

   73 comparacion: exp TOK_MENOR . exp

    TOK_IDENTIFICADOR        desplazar e ir al estado 64
    TOK_CONSTANTE_ENTERA     desplazar e ir al estado 65
    TOK_PARENTESISIZQUIERDO  desplazar e ir al estado 66
    TOK_MENOS                desplazar e ir al estado 67
    TOK_NOT                  desplazar e ir al estado 68
    TOK_TRUE                 desplazar e ir al estado 69
    TOK_FALSE                desplazar e ir al estado 70

    elemento_vector   ir al estado 71
    exp               ir al estado 138
    constante         ir al estado 73
    constante_logica  ir al estado 74
    constante_entera  ir al estado 75
    identificador     ir al estado 76


Estado 120

   74 comparacion: exp TOK_MAYOR . exp

    TOK_IDENTIFICADOR        desplazar e ir al estado 64
    TOK_CONSTANTE_ENTERA     desplazar e ir al estado 65
    TOK_PARENTESISIZQUIERDO  desplazar e ir al estado 66
    TOK_MENOS                desplazar e ir al estado 67
    TOK_NOT                  desplazar e ir al estado 68
    TOK_TRUE                 desplazar e ir al estado 69
    TOK_FALSE                desplazar e ir al estado 70

    elemento_vector   ir al estado 71
    exp               ir al estado 139
    constante         ir al estado 73
    constante_logica  ir al estado 74
    constante_entera  ir al estado 75
    identificador     ir al estado 76


Estado 121

   62 exp: TOK_PARENTESISIZQUIERDO comparacion TOK_PARENTESISDERECHO .

    $default  reduce usando la regla 62 (exp)


Estado 122

   51 exp: exp . TOK_MAS exp
   51    | exp TOK_MAS exp .
   52    | exp . TOK_MENOS exp
   53    | exp . TOK_DIVISION exp
   54    | exp . TOK_ASTERISCO exp
   56    | exp . TOK_AND exp
   57    | exp . TOK_OR exp

    TOK_DIVISION   desplazar e ir al estado 99
    TOK_ASTERISCO  desplazar e ir al estado 100
    TOK_AND        desplazar e ir al estado 101
    TOK_OR         desplazar e ir al estado 102

    $default  reduce usando la regla 51 (exp)


Estado 123

   51 exp: exp . TOK_MAS exp
   52    | exp . TOK_MENOS exp
   52    | exp TOK_MENOS exp .
   53    | exp . TOK_DIVISION exp
   54    | exp . TOK_ASTERISCO exp
   56    | exp . TOK_AND exp
   57    | exp . TOK_OR exp

    TOK_DIVISION   desplazar e ir al estado 99
    TOK_ASTERISCO  desplazar e ir al estado 100
    TOK_AND        desplazar e ir al estado 101
    TOK_OR         desplazar e ir al estado 102

    $default  reduce usando la regla 52 (exp)


Estado 124

   51 exp: exp . TOK_MAS exp
   52    | exp . TOK_MENOS exp
   53    | exp . TOK_DIVISION exp
   53    | exp TOK_DIVISION exp .
   54    | exp . TOK_ASTERISCO exp
   56    | exp . TOK_AND exp
   57    | exp . TOK_OR exp

    TOK_AND  desplazar e ir al estado 101
    TOK_OR   desplazar e ir al estado 102

    $default  reduce usando la regla 53 (exp)


Estado 125

   51 exp: exp . TOK_MAS exp
   52    | exp . TOK_MENOS exp
   53    | exp . TOK_DIVISION exp
   54    | exp . TOK_ASTERISCO exp
   54    | exp TOK_ASTERISCO exp .
   56    | exp . TOK_AND exp
   57    | exp . TOK_OR exp

    TOK_AND  desplazar e ir al estado 101
    TOK_OR   desplazar e ir al estado 102

    $default  reduce usando la regla 54 (exp)


Estado 126

   51 exp: exp . TOK_MAS exp
   52    | exp . TOK_MENOS exp
   53    | exp . TOK_DIVISION exp
   54    | exp . TOK_ASTERISCO exp
   56    | exp . TOK_AND exp
   56    | exp TOK_AND exp .
   57    | exp . TOK_OR exp

    TOK_OR  desplazar e ir al estado 102

    $default  reduce usando la regla 56 (exp)


Estado 127

   51 exp: exp . TOK_MAS exp
   52    | exp . TOK_MENOS exp
   53    | exp . TOK_DIVISION exp
   54    | exp . TOK_ASTERISCO exp
   56    | exp . TOK_AND exp
   57    | exp . TOK_OR exp
   57    | exp TOK_OR exp .

    $default  reduce usando la regla 57 (exp)


Estado 128

   51 exp: exp . TOK_MAS exp
   52    | exp . TOK_MENOS exp
   53    | exp . TOK_DIVISION exp
   54    | exp . TOK_ASTERISCO exp
   56    | exp . TOK_AND exp
   57    | exp . TOK_OR exp
   65 lista_expresiones: exp . resto_lista_expresiones

    TOK_COMA       desplazar e ir al estado 140
    TOK_MAS        desplazar e ir al estado 97
    TOK_MENOS      desplazar e ir al estado 98
    TOK_DIVISION   desplazar e ir al estado 99
    TOK_ASTERISCO  desplazar e ir al estado 100
    TOK_AND        desplazar e ir al estado 101
    TOK_OR         desplazar e ir al estado 102

    $default  reduce usando la regla 68 (resto_lista_expresiones)

    resto_lista_expresiones  ir al estado 141


Estado 129

   64 exp: identificador TOK_PARENTESISIZQUIERDO lista_expresiones . TOK_PARENTESISDERECHO

    TOK_PARENTESISDERECHO  desplazar e ir al estado 142


Estado 130

   47 while_exp: while exp TOK_PARENTESISDERECHO TOK_LLAVEIZQUIERDA .

    $default  reduce usando la regla 47 (while_exp)


Estado 131

   19 fn_declaration: fn_name TOK_PARENTESISIZQUIERDO parametros_funcion TOK_PARENTESISDERECHO TOK_LLAVEIZQUIERDA . declaraciones_funcion

    TOK_INT      desplazar e ir al estado 6
    TOK_BOOLEAN  desplazar e ir al estado 7
    TOK_ARRAY    desplazar e ir al estado 8

    $default  reduce usando la regla 27 (declaraciones_funcion)

    declaraciones          ir al estado 143
    declaracion            ir al estado 10
    clase                  ir al estado 11
    clase_escalar          ir al estado 12
    tipo                   ir al estado 13
    clase_vector           ir al estado 14
    declaraciones_funcion  ir al estado 144


Estado 132

   23 resto_parametros_funcion: TOK_PUNTOYCOMA parametro_funcion . resto_parametros_funcion

    TOK_PUNTOYCOMA  desplazar e ir al estado 110

    $default  reduce usando la regla 24 (resto_parametros_funcion)

    resto_parametros_funcion  ir al estado 145


Estado 133

   42 condicional: TOK_IF TOK_PARENTESISIZQUIERDO exp TOK_PARENTESISDERECHO TOK_LLAVEIZQUIERDA . sentencias TOK_LLAVEDERECHA TOK_ELSE TOK_LLAVEIZQUIERDA sentencias TOK_LLAVEDERECHA
   43 if_exp: TOK_IF TOK_PARENTESISIZQUIERDO exp TOK_PARENTESISDERECHO TOK_LLAVEIZQUIERDA .

    TOK_IDENTIFICADOR  desplazar e ir al estado 33
    TOK_IF             desplazar e ir al estado 34
    TOK_WHILE          desplazar e ir al estado 35
    TOK_SCANF          desplazar e ir al estado 36
    TOK_PRINTF         desplazar e ir al estado 37
    TOK_RETURN         desplazar e ir al estado 38

    TOK_IDENTIFICADOR  [reduce usando la regla 43 (if_exp)]
    TOK_IF             [reduce usando la regla 43 (if_exp)]
    TOK_WHILE          [reduce usando la regla 43 (if_exp)]
    TOK_SCANF          [reduce usando la regla 43 (if_exp)]
    TOK_PRINTF         [reduce usando la regla 43 (if_exp)]
    TOK_RETURN         [reduce usando la regla 43 (if_exp)]

    sentencias         ir al estado 146
    sentencia          ir al estado 40
    sentencia_simple   ir al estado 41
    bloque             ir al estado 42
    asignacion         ir al estado 43
    elemento_vector    ir al estado 44
    condicional        ir al estado 45
    if_exp             ir al estado 46
    if_exp_sentencias  ir al estado 47
    bucle              ir al estado 48
    while              ir al estado 49
    while_exp          ir al estado 50
    lectura            ir al estado 51
    escritura          ir al estado 52
    retorno_funcion    ir al estado 53


Estado 134

   51 exp: exp . TOK_MAS exp
   52    | exp . TOK_MENOS exp
   53    | exp . TOK_DIVISION exp
   54    | exp . TOK_ASTERISCO exp
   56    | exp . TOK_AND exp
   57    | exp . TOK_OR exp
   69 comparacion: exp TOK_IGUAL exp .

    TOK_MAS        desplazar e ir al estado 97
    TOK_MENOS      desplazar e ir al estado 98
    TOK_DIVISION   desplazar e ir al estado 99
    TOK_ASTERISCO  desplazar e ir al estado 100
    TOK_AND        desplazar e ir al estado 101
    TOK_OR         desplazar e ir al estado 102

    $default  reduce usando la regla 69 (comparacion)


Estado 135

   51 exp: exp . TOK_MAS exp
   52    | exp . TOK_MENOS exp
   53    | exp . TOK_DIVISION exp
   54    | exp . TOK_ASTERISCO exp
   56    | exp . TOK_AND exp
   57    | exp . TOK_OR exp
   70 comparacion: exp TOK_DISTINTO exp .

    TOK_MAS        desplazar e ir al estado 97
    TOK_MENOS      desplazar e ir al estado 98
    TOK_DIVISION   desplazar e ir al estado 99
    TOK_ASTERISCO  desplazar e ir al estado 100
    TOK_AND        desplazar e ir al estado 101
    TOK_OR         desplazar e ir al estado 102

    $default  reduce usando la regla 70 (comparacion)


Estado 136

   51 exp: exp . TOK_MAS exp
   52    | exp . TOK_MENOS exp
   53    | exp . TOK_DIVISION exp
   54    | exp . TOK_ASTERISCO exp
   56    | exp . TOK_AND exp
   57    | exp . TOK_OR exp
   71 comparacion: exp TOK_MENORIGUAL exp .

    TOK_MAS        desplazar e ir al estado 97
    TOK_MENOS      desplazar e ir al estado 98
    TOK_DIVISION   desplazar e ir al estado 99
    TOK_ASTERISCO  desplazar e ir al estado 100
    TOK_AND        desplazar e ir al estado 101
    TOK_OR         desplazar e ir al estado 102

    $default  reduce usando la regla 71 (comparacion)


Estado 137

   51 exp: exp . TOK_MAS exp
   52    | exp . TOK_MENOS exp
   53    | exp . TOK_DIVISION exp
   54    | exp . TOK_ASTERISCO exp
   56    | exp . TOK_AND exp
   57    | exp . TOK_OR exp
   72 comparacion: exp TOK_MAYORIGUAL exp .

    TOK_MAS        desplazar e ir al estado 97
    TOK_MENOS      desplazar e ir al estado 98
    TOK_DIVISION   desplazar e ir al estado 99
    TOK_ASTERISCO  desplazar e ir al estado 100
    TOK_AND        desplazar e ir al estado 101
    TOK_OR         desplazar e ir al estado 102

    $default  reduce usando la regla 72 (comparacion)


Estado 138

   51 exp: exp . TOK_MAS exp
   52    | exp . TOK_MENOS exp
   53    | exp . TOK_DIVISION exp
   54    | exp . TOK_ASTERISCO exp
   56    | exp . TOK_AND exp
   57    | exp . TOK_OR exp
   73 comparacion: exp TOK_MENOR exp .

    TOK_MAS        desplazar e ir al estado 97
    TOK_MENOS      desplazar e ir al estado 98
    TOK_DIVISION   desplazar e ir al estado 99
    TOK_ASTERISCO  desplazar e ir al estado 100
    TOK_AND        desplazar e ir al estado 101
    TOK_OR         desplazar e ir al estado 102

    $default  reduce usando la regla 73 (comparacion)


Estado 139

   51 exp: exp . TOK_MAS exp
   52    | exp . TOK_MENOS exp
   53    | exp . TOK_DIVISION exp
   54    | exp . TOK_ASTERISCO exp
   56    | exp . TOK_AND exp
   57    | exp . TOK_OR exp
   74 comparacion: exp TOK_MAYOR exp .

    TOK_MAS        desplazar e ir al estado 97
    TOK_MENOS      desplazar e ir al estado 98
    TOK_DIVISION   desplazar e ir al estado 99
    TOK_ASTERISCO  desplazar e ir al estado 100
    TOK_AND        desplazar e ir al estado 101
    TOK_OR         desplazar e ir al estado 102

    $default  reduce usando la regla 74 (comparacion)


Estado 140

   67 resto_lista_expresiones: TOK_COMA . exp resto_lista_expresiones

    TOK_IDENTIFICADOR        desplazar e ir al estado 64
    TOK_CONSTANTE_ENTERA     desplazar e ir al estado 65
    TOK_PARENTESISIZQUIERDO  desplazar e ir al estado 66
    TOK_MENOS                desplazar e ir al estado 67
    TOK_NOT                  desplazar e ir al estado 68
    TOK_TRUE                 desplazar e ir al estado 69
    TOK_FALSE                desplazar e ir al estado 70

    elemento_vector   ir al estado 71
    exp               ir al estado 147
    constante         ir al estado 73
    constante_logica  ir al estado 74
    constante_entera  ir al estado 75
    identificador     ir al estado 76


Estado 141

   65 lista_expresiones: exp resto_lista_expresiones .

    $default  reduce usando la regla 65 (lista_expresiones)


Estado 142

   64 exp: identificador TOK_PARENTESISIZQUIERDO lista_expresiones TOK_PARENTESISDERECHO .

    $default  reduce usando la regla 64 (exp)


Estado 143

   26 declaraciones_funcion: declaraciones .

    $default  reduce usando la regla 26 (declaraciones_funcion)


Estado 144

   19 fn_declaration: fn_name TOK_PARENTESISIZQUIERDO parametros_funcion TOK_PARENTESISDERECHO TOK_LLAVEIZQUIERDA declaraciones_funcion .

    $default  reduce usando la regla 19 (fn_declaration)


Estado 145

   23 resto_parametros_funcion: TOK_PUNTOYCOMA parametro_funcion resto_parametros_funcion .

    $default  reduce usando la regla 23 (resto_parametros_funcion)


Estado 146

   42 condicional: TOK_IF TOK_PARENTESISIZQUIERDO exp TOK_PARENTESISDERECHO TOK_LLAVEIZQUIERDA sentencias . TOK_LLAVEDERECHA TOK_ELSE TOK_LLAVEIZQUIERDA sentencias TOK_LLAVEDERECHA

    TOK_LLAVEDERECHA  desplazar e ir al estado 148


Estado 147

   51 exp: exp . TOK_MAS exp
   52    | exp . TOK_MENOS exp
   53    | exp . TOK_DIVISION exp
   54    | exp . TOK_ASTERISCO exp
   56    | exp . TOK_AND exp
   57    | exp . TOK_OR exp
   67 resto_lista_expresiones: TOK_COMA exp . resto_lista_expresiones

    TOK_COMA       desplazar e ir al estado 140
    TOK_MAS        desplazar e ir al estado 97
    TOK_MENOS      desplazar e ir al estado 98
    TOK_DIVISION   desplazar e ir al estado 99
    TOK_ASTERISCO  desplazar e ir al estado 100
    TOK_AND        desplazar e ir al estado 101
    TOK_OR         desplazar e ir al estado 102

    $default  reduce usando la regla 68 (resto_lista_expresiones)

    resto_lista_expresiones  ir al estado 149


Estado 148

   42 condicional: TOK_IF TOK_PARENTESISIZQUIERDO exp TOK_PARENTESISDERECHO TOK_LLAVEIZQUIERDA sentencias TOK_LLAVEDERECHA . TOK_ELSE TOK_LLAVEIZQUIERDA sentencias TOK_LLAVEDERECHA

    TOK_ELSE  desplazar e ir al estado 150


Estado 149

   67 resto_lista_expresiones: TOK_COMA exp resto_lista_expresiones .

    $default  reduce usando la regla 67 (resto_lista_expresiones)


Estado 150

   42 condicional: TOK_IF TOK_PARENTESISIZQUIERDO exp TOK_PARENTESISDERECHO TOK_LLAVEIZQUIERDA sentencias TOK_LLAVEDERECHA TOK_ELSE . TOK_LLAVEIZQUIERDA sentencias TOK_LLAVEDERECHA

    TOK_LLAVEIZQUIERDA  desplazar e ir al estado 151


Estado 151

   42 condicional: TOK_IF TOK_PARENTESISIZQUIERDO exp TOK_PARENTESISDERECHO TOK_LLAVEIZQUIERDA sentencias TOK_LLAVEDERECHA TOK_ELSE TOK_LLAVEIZQUIERDA . sentencias TOK_LLAVEDERECHA

    TOK_IDENTIFICADOR  desplazar e ir al estado 33
    TOK_IF             desplazar e ir al estado 34
    TOK_WHILE          desplazar e ir al estado 35
    TOK_SCANF          desplazar e ir al estado 36
    TOK_PRINTF         desplazar e ir al estado 37
    TOK_RETURN         desplazar e ir al estado 38

    sentencias         ir al estado 152
    sentencia          ir al estado 40
    sentencia_simple   ir al estado 41
    bloque             ir al estado 42
    asignacion         ir al estado 43
    elemento_vector    ir al estado 44
    condicional        ir al estado 45
    if_exp             ir al estado 46
    if_exp_sentencias  ir al estado 47
    bucle              ir al estado 48
    while              ir al estado 49
    while_exp          ir al estado 50
    lectura            ir al estado 51
    escritura          ir al estado 52
    retorno_funcion    ir al estado 53


Estado 152

   42 condicional: TOK_IF TOK_PARENTESISIZQUIERDO exp TOK_PARENTESISDERECHO TOK_LLAVEIZQUIERDA sentencias TOK_LLAVEDERECHA TOK_ELSE TOK_LLAVEIZQUIERDA sentencias . TOK_LLAVEDERECHA

    TOK_LLAVEDERECHA  desplazar e ir al estado 153


Estado 153

   42 condicional: TOK_IF TOK_PARENTESISIZQUIERDO exp TOK_PARENTESISDERECHO TOK_LLAVEIZQUIERDA sentencias TOK_LLAVEDERECHA TOK_ELSE TOK_LLAVEIZQUIERDA sentencias TOK_LLAVEDERECHA .

    $default  reduce usando la regla 42 (condicional)
