Terminales no usados en la gramática

   TOK_ERROR
   TOK_NOT


Estado 75 conflictos: 2 desplazamiento/reducción
Estado 76 conflictos: 6 desplazamiento/reducción
Estado 100 conflictos: 2 desplazamiento/reducción
Estado 101 conflictos: 2 desplazamiento/reducción
Estado 102 conflictos: 2 desplazamiento/reducción
Estado 103 conflictos: 2 desplazamiento/reducción
Estado 121 conflictos: 6 desplazamiento/reducción
Estado 122 conflictos: 6 desplazamiento/reducción


Gramática

    0 $accept: programa $end

    1 programa: TOK_MAIN TOK_LLAVEIZQUIERDA declaraciones funciones sentencias TOK_LLAVEDERECHA

    2 declaraciones: declaracion
    3              | declaracion declaraciones

    4 declaracion: clase identificadores TOK_PUNTOYCOMA

    5 clase: clase_escalar
    6      | clase_vector

    7 clase_escalar: tipo

    8 tipo: TOK_INT
    9     | TOK_BOOLEAN

   10 clase_vector: TOK_ARRAY tipo TOK_CORCHETEIZQUIERDO constante_entera TOK_CORCHETEDERECHO

   11 identificadores: identificador
   12                | identificador TOK_COMA identificadores

   13 funciones: funcion funciones
   14          | %empty

   15 funcion: TOK_FUNCTION tipo identificador TOK_PARENTESISIZQUIERDO parametros_funcion TOK_PARENTESISDERECHO TOK_LLAVEIZQUIERDA declaraciones_funcion sentencias TOK_LLAVEDERECHA

   16 parametros_funcion: parametro_funcion resto_parametros_funcion
   17                   | %empty

   18 resto_parametros_funcion: TOK_PUNTOYCOMA parametro_funcion resto_parametros_funcion
   19                         | %empty

   20 parametro_funcion: tipo identificador

   21 declaraciones_funcion: declaraciones
   22                      | %empty

   23 sentencias: sentencia
   24           | sentencia sentencias

   25 sentencia: sentencia_simple TOK_PUNTOYCOMA
   26          | bloque

   27 sentencia_simple: asignacion
   28                 | lectura
   29                 | escritura
   30                 | retorno_funcion

   31 bloque: condicional
   32       | bucle

   33 asignacion: identificador TOK_ASIGNACION exp
   34           | elemento_vector TOK_ASIGNACION exp

   35 elemento_vector: identificador TOK_CORCHETEIZQUIERDO exp TOK_CORCHETEDERECHO

   36 condicional: TOK_IF TOK_PARENTESISIZQUIERDO exp TOK_PARENTESISDERECHO TOK_LLAVEIZQUIERDA sentencias TOK_LLAVEDERECHA
   37            | TOK_IF TOK_PARENTESISIZQUIERDO exp TOK_PARENTESISDERECHO TOK_LLAVEIZQUIERDA sentencias TOK_LLAVEDERECHA TOK_ELSE TOK_LLAVEIZQUIERDA sentencias TOK_LLAVEDERECHA

   38 bucle: TOK_WHILE TOK_PARENTESISIZQUIERDO exp TOK_PARENTESISDERECHO TOK_LLAVEIZQUIERDA sentencias TOK_LLAVEDERECHA

   39 lectura: TOK_SCANF identificador

   40 escritura: TOK_PRINTF exp

   41 retorno_funcion: TOK_RETURN exp

   42 exp: exp TOK_MAS exp
   43    | exp TOK_MENOS exp
   44    | exp TOK_DIVISION exp
   45    | exp TOK_ASTERISCO exp
   46    | TOK_MENOS exp
   47    | exp TOK_AND TOK_AND exp
   48    | exp TOK_OR TOK_OR exp
   49    | TOK_DISTINTO exp
   50    | identificador
   51    | constante
   52    | TOK_PARENTESISIZQUIERDO exp TOK_PARENTESISDERECHO
   53    | TOK_PARENTESISIZQUIERDO comparacion TOK_PARENTESISDERECHO
   54    | elemento_vector
   55    | identificador TOK_PARENTESISIZQUIERDO lista_expresiones TOK_PARENTESISDERECHO

   56 lista_expresiones: exp resto_lista_expresiones
   57                  | %empty

   58 resto_lista_expresiones: TOK_COMA exp resto_lista_expresiones
   59                        | %empty

   60 comparacion: exp TOK_IGUAL TOK_IGUAL exp
   61            | exp TOK_DISTINTO exp
   62            | exp TOK_MENORIGUAL exp
   63            | exp TOK_MAYORIGUAL exp
   64            | exp TOK_MENOR exp
   65            | exp TOK_MAYOR exp

   66 constante: constante_logica
   67          | constante_entera

   68 constante_logica: TOK_TRUE
   69                 | TOK_FALSE

   70 constante_entera: TOK_CONSTANTE_ENTERA

   71 identificador: TOK_IDENTIFICADOR


Terminales con las reglas donde aparecen

$end (0) 0
error (256)
TOK_MAIN (258) 1
TOK_INT (259) 8
TOK_BOOLEAN (260) 9
TOK_ARRAY (261) 10
TOK_FUNCTION (262) 15
TOK_IF (263) 36 37
TOK_ELSE (264) 37
TOK_WHILE (265) 38
TOK_SCANF (266) 39
TOK_PRINTF (267) 40
TOK_RETURN (268) 41
TOK_ERROR (269)
TOK_PUNTOYCOMA (270) 4 18 25
TOK_COMA (271) 12 58
TOK_PARENTESISIZQUIERDO (272) 15 36 37 38 52 53 55
TOK_PARENTESISDERECHO (273) 15 36 37 38 52 53 55
TOK_CORCHETEIZQUIERDO (274) 10 35
TOK_CORCHETEDERECHO (275) 10 35
TOK_LLAVEIZQUIERDA (276) 1 15 36 37 38
TOK_LLAVEDERECHA (277) 1 15 36 37 38
TOK_ASIGNACION (278) 33 34
TOK_MAS (279) 42
TOK_MENOS (280) 43 46
TOK_DIVISION (281) 44
TOK_ASTERISCO (282) 45
TOK_AND (283) 47
TOK_OR (284) 48
TOK_NOT (285)
TOK_IGUAL (286) 60
TOK_DISTINTO (287) 49 61
TOK_MENORIGUAL (288) 62
TOK_MAYORIGUAL (289) 63
TOK_MENOR (290) 64
TOK_MAYOR (291) 65
TOK_IDENTIFICADOR (292) 71
TOK_CONSTANTE_ENTERA (293) 70
TOK_TRUE (294) 68
TOK_FALSE (295) 69


No terminales con las reglas donde aparecen

$accept (41)
    en la izquierda: 0
programa (42)
    en la izquierda: 1, en la derecha: 0
declaraciones (43)
    en la izquierda: 2 3, en la derecha: 1 3 21
declaracion (44)
    en la izquierda: 4, en la derecha: 2 3
clase (45)
    en la izquierda: 5 6, en la derecha: 4
clase_escalar (46)
    en la izquierda: 7, en la derecha: 5
tipo (47)
    en la izquierda: 8 9, en la derecha: 7 10 15 20
clase_vector (48)
    en la izquierda: 10, en la derecha: 6
identificadores (49)
    en la izquierda: 11 12, en la derecha: 4 12
funciones (50)
    en la izquierda: 13 14, en la derecha: 1 13
funcion (51)
    en la izquierda: 15, en la derecha: 13
parametros_funcion (52)
    en la izquierda: 16 17, en la derecha: 15
resto_parametros_funcion (53)
    en la izquierda: 18 19, en la derecha: 16 18
parametro_funcion (54)
    en la izquierda: 20, en la derecha: 16 18
declaraciones_funcion (55)
    en la izquierda: 21 22, en la derecha: 15
sentencias (56)
    en la izquierda: 23 24, en la derecha: 1 15 24 36 37 38
sentencia (57)
    en la izquierda: 25 26, en la derecha: 23 24
sentencia_simple (58)
    en la izquierda: 27 28 29 30, en la derecha: 25
bloque (59)
    en la izquierda: 31 32, en la derecha: 26
asignacion (60)
    en la izquierda: 33 34, en la derecha: 27
elemento_vector (61)
    en la izquierda: 35, en la derecha: 34 54
condicional (62)
    en la izquierda: 36 37, en la derecha: 31
bucle (63)
    en la izquierda: 38, en la derecha: 32
lectura (64)
    en la izquierda: 39, en la derecha: 28
escritura (65)
    en la izquierda: 40, en la derecha: 29
retorno_funcion (66)
    en la izquierda: 41, en la derecha: 30
exp (67)
    en la izquierda: 42 43 44 45 46 47 48 49 50 51 52 53 54 55, en la derecha:
    33 34 35 36 37 38 40 41 42 43 44 45 46 47 48 49 52 56 58 60 61
    62 63 64 65
lista_expresiones (68)
    en la izquierda: 56 57, en la derecha: 55
resto_lista_expresiones (69)
    en la izquierda: 58 59, en la derecha: 56 58
comparacion (70)
    en la izquierda: 60 61 62 63 64 65, en la derecha: 53
constante (71)
    en la izquierda: 66 67, en la derecha: 51
constante_logica (72)
    en la izquierda: 68 69, en la derecha: 66
constante_entera (73)
    en la izquierda: 70, en la derecha: 10 67
identificador (74)
    en la izquierda: 71, en la derecha: 11 12 15 20 33 35 39 50 55


Estado 0

    0 $accept: . programa $end

    TOK_MAIN  desplazar e ir al estado 1

    programa  ir al estado 2


Estado 1

    1 programa: TOK_MAIN . TOK_LLAVEIZQUIERDA declaraciones funciones sentencias TOK_LLAVEDERECHA

    TOK_LLAVEIZQUIERDA  desplazar e ir al estado 3


Estado 2

    0 $accept: programa . $end

    $end  desplazar e ir al estado 4


Estado 3

    1 programa: TOK_MAIN TOK_LLAVEIZQUIERDA . declaraciones funciones sentencias TOK_LLAVEDERECHA

    TOK_INT      desplazar e ir al estado 5
    TOK_BOOLEAN  desplazar e ir al estado 6
    TOK_ARRAY    desplazar e ir al estado 7

    declaraciones  ir al estado 8
    declaracion    ir al estado 9
    clase          ir al estado 10
    clase_escalar  ir al estado 11
    tipo           ir al estado 12
    clase_vector   ir al estado 13


Estado 4

    0 $accept: programa $end .

    $default  aceptar


Estado 5

    8 tipo: TOK_INT .

    $default  reduce usando la regla 8 (tipo)


Estado 6

    9 tipo: TOK_BOOLEAN .

    $default  reduce usando la regla 9 (tipo)


Estado 7

   10 clase_vector: TOK_ARRAY . tipo TOK_CORCHETEIZQUIERDO constante_entera TOK_CORCHETEDERECHO

    TOK_INT      desplazar e ir al estado 5
    TOK_BOOLEAN  desplazar e ir al estado 6

    tipo  ir al estado 14


Estado 8

    1 programa: TOK_MAIN TOK_LLAVEIZQUIERDA declaraciones . funciones sentencias TOK_LLAVEDERECHA

    TOK_FUNCTION  desplazar e ir al estado 15

    $default  reduce usando la regla 14 (funciones)

    funciones  ir al estado 16
    funcion    ir al estado 17


Estado 9

    2 declaraciones: declaracion .
    3              | declaracion . declaraciones

    TOK_INT      desplazar e ir al estado 5
    TOK_BOOLEAN  desplazar e ir al estado 6
    TOK_ARRAY    desplazar e ir al estado 7

    $default  reduce usando la regla 2 (declaraciones)

    declaraciones  ir al estado 18
    declaracion    ir al estado 9
    clase          ir al estado 10
    clase_escalar  ir al estado 11
    tipo           ir al estado 12
    clase_vector   ir al estado 13


Estado 10

    4 declaracion: clase . identificadores TOK_PUNTOYCOMA

    TOK_IDENTIFICADOR  desplazar e ir al estado 19

    identificadores  ir al estado 20
    identificador    ir al estado 21


Estado 11

    5 clase: clase_escalar .

    $default  reduce usando la regla 5 (clase)


Estado 12

    7 clase_escalar: tipo .

    $default  reduce usando la regla 7 (clase_escalar)


Estado 13

    6 clase: clase_vector .

    $default  reduce usando la regla 6 (clase)


Estado 14

   10 clase_vector: TOK_ARRAY tipo . TOK_CORCHETEIZQUIERDO constante_entera TOK_CORCHETEDERECHO

    TOK_CORCHETEIZQUIERDO  desplazar e ir al estado 22


Estado 15

   15 funcion: TOK_FUNCTION . tipo identificador TOK_PARENTESISIZQUIERDO parametros_funcion TOK_PARENTESISDERECHO TOK_LLAVEIZQUIERDA declaraciones_funcion sentencias TOK_LLAVEDERECHA

    TOK_INT      desplazar e ir al estado 5
    TOK_BOOLEAN  desplazar e ir al estado 6

    tipo  ir al estado 23


Estado 16

    1 programa: TOK_MAIN TOK_LLAVEIZQUIERDA declaraciones funciones . sentencias TOK_LLAVEDERECHA

    TOK_IF             desplazar e ir al estado 24
    TOK_WHILE          desplazar e ir al estado 25
    TOK_SCANF          desplazar e ir al estado 26
    TOK_PRINTF         desplazar e ir al estado 27
    TOK_RETURN         desplazar e ir al estado 28
    TOK_IDENTIFICADOR  desplazar e ir al estado 19

    sentencias        ir al estado 29
    sentencia         ir al estado 30
    sentencia_simple  ir al estado 31
    bloque            ir al estado 32
    asignacion        ir al estado 33
    elemento_vector   ir al estado 34
    condicional       ir al estado 35
    bucle             ir al estado 36
    lectura           ir al estado 37
    escritura         ir al estado 38
    retorno_funcion   ir al estado 39
    identificador     ir al estado 40


Estado 17

   13 funciones: funcion . funciones

    TOK_FUNCTION  desplazar e ir al estado 15

    $default  reduce usando la regla 14 (funciones)

    funciones  ir al estado 41
    funcion    ir al estado 17


Estado 18

    3 declaraciones: declaracion declaraciones .

    $default  reduce usando la regla 3 (declaraciones)


Estado 19

   71 identificador: TOK_IDENTIFICADOR .

    $default  reduce usando la regla 71 (identificador)


Estado 20

    4 declaracion: clase identificadores . TOK_PUNTOYCOMA

    TOK_PUNTOYCOMA  desplazar e ir al estado 42


Estado 21

   11 identificadores: identificador .
   12                | identificador . TOK_COMA identificadores

    TOK_COMA  desplazar e ir al estado 43

    $default  reduce usando la regla 11 (identificadores)


Estado 22

   10 clase_vector: TOK_ARRAY tipo TOK_CORCHETEIZQUIERDO . constante_entera TOK_CORCHETEDERECHO

    TOK_CONSTANTE_ENTERA  desplazar e ir al estado 44

    constante_entera  ir al estado 45


Estado 23

   15 funcion: TOK_FUNCTION tipo . identificador TOK_PARENTESISIZQUIERDO parametros_funcion TOK_PARENTESISDERECHO TOK_LLAVEIZQUIERDA declaraciones_funcion sentencias TOK_LLAVEDERECHA

    TOK_IDENTIFICADOR  desplazar e ir al estado 19

    identificador  ir al estado 46


Estado 24

   36 condicional: TOK_IF . TOK_PARENTESISIZQUIERDO exp TOK_PARENTESISDERECHO TOK_LLAVEIZQUIERDA sentencias TOK_LLAVEDERECHA
   37            | TOK_IF . TOK_PARENTESISIZQUIERDO exp TOK_PARENTESISDERECHO TOK_LLAVEIZQUIERDA sentencias TOK_LLAVEDERECHA TOK_ELSE TOK_LLAVEIZQUIERDA sentencias TOK_LLAVEDERECHA

    TOK_PARENTESISIZQUIERDO  desplazar e ir al estado 47


Estado 25

   38 bucle: TOK_WHILE . TOK_PARENTESISIZQUIERDO exp TOK_PARENTESISDERECHO TOK_LLAVEIZQUIERDA sentencias TOK_LLAVEDERECHA

    TOK_PARENTESISIZQUIERDO  desplazar e ir al estado 48


Estado 26

   39 lectura: TOK_SCANF . identificador

    TOK_IDENTIFICADOR  desplazar e ir al estado 19

    identificador  ir al estado 49


Estado 27

   40 escritura: TOK_PRINTF . exp

    TOK_PARENTESISIZQUIERDO  desplazar e ir al estado 50
    TOK_MENOS                desplazar e ir al estado 51
    TOK_DISTINTO             desplazar e ir al estado 52
    TOK_IDENTIFICADOR        desplazar e ir al estado 19
    TOK_CONSTANTE_ENTERA     desplazar e ir al estado 44
    TOK_TRUE                 desplazar e ir al estado 53
    TOK_FALSE                desplazar e ir al estado 54

    elemento_vector   ir al estado 55
    exp               ir al estado 56
    constante         ir al estado 57
    constante_logica  ir al estado 58
    constante_entera  ir al estado 59
    identificador     ir al estado 60


Estado 28

   41 retorno_funcion: TOK_RETURN . exp

    TOK_PARENTESISIZQUIERDO  desplazar e ir al estado 50
    TOK_MENOS                desplazar e ir al estado 51
    TOK_DISTINTO             desplazar e ir al estado 52
    TOK_IDENTIFICADOR        desplazar e ir al estado 19
    TOK_CONSTANTE_ENTERA     desplazar e ir al estado 44
    TOK_TRUE                 desplazar e ir al estado 53
    TOK_FALSE                desplazar e ir al estado 54

    elemento_vector   ir al estado 55
    exp               ir al estado 61
    constante         ir al estado 57
    constante_logica  ir al estado 58
    constante_entera  ir al estado 59
    identificador     ir al estado 60


Estado 29

    1 programa: TOK_MAIN TOK_LLAVEIZQUIERDA declaraciones funciones sentencias . TOK_LLAVEDERECHA

    TOK_LLAVEDERECHA  desplazar e ir al estado 62


Estado 30

   23 sentencias: sentencia .
   24           | sentencia . sentencias

    TOK_IF             desplazar e ir al estado 24
    TOK_WHILE          desplazar e ir al estado 25
    TOK_SCANF          desplazar e ir al estado 26
    TOK_PRINTF         desplazar e ir al estado 27
    TOK_RETURN         desplazar e ir al estado 28
    TOK_IDENTIFICADOR  desplazar e ir al estado 19

    $default  reduce usando la regla 23 (sentencias)

    sentencias        ir al estado 63
    sentencia         ir al estado 30
    sentencia_simple  ir al estado 31
    bloque            ir al estado 32
    asignacion        ir al estado 33
    elemento_vector   ir al estado 34
    condicional       ir al estado 35
    bucle             ir al estado 36
    lectura           ir al estado 37
    escritura         ir al estado 38
    retorno_funcion   ir al estado 39
    identificador     ir al estado 40


Estado 31

   25 sentencia: sentencia_simple . TOK_PUNTOYCOMA

    TOK_PUNTOYCOMA  desplazar e ir al estado 64


Estado 32

   26 sentencia: bloque .

    $default  reduce usando la regla 26 (sentencia)


Estado 33

   27 sentencia_simple: asignacion .

    $default  reduce usando la regla 27 (sentencia_simple)


Estado 34

   34 asignacion: elemento_vector . TOK_ASIGNACION exp

    TOK_ASIGNACION  desplazar e ir al estado 65


Estado 35

   31 bloque: condicional .

    $default  reduce usando la regla 31 (bloque)


Estado 36

   32 bloque: bucle .

    $default  reduce usando la regla 32 (bloque)


Estado 37

   28 sentencia_simple: lectura .

    $default  reduce usando la regla 28 (sentencia_simple)


Estado 38

   29 sentencia_simple: escritura .

    $default  reduce usando la regla 29 (sentencia_simple)


Estado 39

   30 sentencia_simple: retorno_funcion .

    $default  reduce usando la regla 30 (sentencia_simple)


Estado 40

   33 asignacion: identificador . TOK_ASIGNACION exp
   35 elemento_vector: identificador . TOK_CORCHETEIZQUIERDO exp TOK_CORCHETEDERECHO

    TOK_CORCHETEIZQUIERDO  desplazar e ir al estado 66
    TOK_ASIGNACION         desplazar e ir al estado 67


Estado 41

   13 funciones: funcion funciones .

    $default  reduce usando la regla 13 (funciones)


Estado 42

    4 declaracion: clase identificadores TOK_PUNTOYCOMA .

    $default  reduce usando la regla 4 (declaracion)


Estado 43

   12 identificadores: identificador TOK_COMA . identificadores

    TOK_IDENTIFICADOR  desplazar e ir al estado 19

    identificadores  ir al estado 68
    identificador    ir al estado 21


Estado 44

   70 constante_entera: TOK_CONSTANTE_ENTERA .

    $default  reduce usando la regla 70 (constante_entera)


Estado 45

   10 clase_vector: TOK_ARRAY tipo TOK_CORCHETEIZQUIERDO constante_entera . TOK_CORCHETEDERECHO

    TOK_CORCHETEDERECHO  desplazar e ir al estado 69


Estado 46

   15 funcion: TOK_FUNCTION tipo identificador . TOK_PARENTESISIZQUIERDO parametros_funcion TOK_PARENTESISDERECHO TOK_LLAVEIZQUIERDA declaraciones_funcion sentencias TOK_LLAVEDERECHA

    TOK_PARENTESISIZQUIERDO  desplazar e ir al estado 70


Estado 47

   36 condicional: TOK_IF TOK_PARENTESISIZQUIERDO . exp TOK_PARENTESISDERECHO TOK_LLAVEIZQUIERDA sentencias TOK_LLAVEDERECHA
   37            | TOK_IF TOK_PARENTESISIZQUIERDO . exp TOK_PARENTESISDERECHO TOK_LLAVEIZQUIERDA sentencias TOK_LLAVEDERECHA TOK_ELSE TOK_LLAVEIZQUIERDA sentencias TOK_LLAVEDERECHA

    TOK_PARENTESISIZQUIERDO  desplazar e ir al estado 50
    TOK_MENOS                desplazar e ir al estado 51
    TOK_DISTINTO             desplazar e ir al estado 52
    TOK_IDENTIFICADOR        desplazar e ir al estado 19
    TOK_CONSTANTE_ENTERA     desplazar e ir al estado 44
    TOK_TRUE                 desplazar e ir al estado 53
    TOK_FALSE                desplazar e ir al estado 54

    elemento_vector   ir al estado 55
    exp               ir al estado 71
    constante         ir al estado 57
    constante_logica  ir al estado 58
    constante_entera  ir al estado 59
    identificador     ir al estado 60


Estado 48

   38 bucle: TOK_WHILE TOK_PARENTESISIZQUIERDO . exp TOK_PARENTESISDERECHO TOK_LLAVEIZQUIERDA sentencias TOK_LLAVEDERECHA

    TOK_PARENTESISIZQUIERDO  desplazar e ir al estado 50
    TOK_MENOS                desplazar e ir al estado 51
    TOK_DISTINTO             desplazar e ir al estado 52
    TOK_IDENTIFICADOR        desplazar e ir al estado 19
    TOK_CONSTANTE_ENTERA     desplazar e ir al estado 44
    TOK_TRUE                 desplazar e ir al estado 53
    TOK_FALSE                desplazar e ir al estado 54

    elemento_vector   ir al estado 55
    exp               ir al estado 72
    constante         ir al estado 57
    constante_logica  ir al estado 58
    constante_entera  ir al estado 59
    identificador     ir al estado 60


Estado 49

   39 lectura: TOK_SCANF identificador .

    $default  reduce usando la regla 39 (lectura)


Estado 50

   52 exp: TOK_PARENTESISIZQUIERDO . exp TOK_PARENTESISDERECHO
   53    | TOK_PARENTESISIZQUIERDO . comparacion TOK_PARENTESISDERECHO

    TOK_PARENTESISIZQUIERDO  desplazar e ir al estado 50
    TOK_MENOS                desplazar e ir al estado 51
    TOK_DISTINTO             desplazar e ir al estado 52
    TOK_IDENTIFICADOR        desplazar e ir al estado 19
    TOK_CONSTANTE_ENTERA     desplazar e ir al estado 44
    TOK_TRUE                 desplazar e ir al estado 53
    TOK_FALSE                desplazar e ir al estado 54

    elemento_vector   ir al estado 55
    exp               ir al estado 73
    comparacion       ir al estado 74
    constante         ir al estado 57
    constante_logica  ir al estado 58
    constante_entera  ir al estado 59
    identificador     ir al estado 60


Estado 51

   46 exp: TOK_MENOS . exp

    TOK_PARENTESISIZQUIERDO  desplazar e ir al estado 50
    TOK_MENOS                desplazar e ir al estado 51
    TOK_DISTINTO             desplazar e ir al estado 52
    TOK_IDENTIFICADOR        desplazar e ir al estado 19
    TOK_CONSTANTE_ENTERA     desplazar e ir al estado 44
    TOK_TRUE                 desplazar e ir al estado 53
    TOK_FALSE                desplazar e ir al estado 54

    elemento_vector   ir al estado 55
    exp               ir al estado 75
    constante         ir al estado 57
    constante_logica  ir al estado 58
    constante_entera  ir al estado 59
    identificador     ir al estado 60


Estado 52

   49 exp: TOK_DISTINTO . exp

    TOK_PARENTESISIZQUIERDO  desplazar e ir al estado 50
    TOK_MENOS                desplazar e ir al estado 51
    TOK_DISTINTO             desplazar e ir al estado 52
    TOK_IDENTIFICADOR        desplazar e ir al estado 19
    TOK_CONSTANTE_ENTERA     desplazar e ir al estado 44
    TOK_TRUE                 desplazar e ir al estado 53
    TOK_FALSE                desplazar e ir al estado 54

    elemento_vector   ir al estado 55
    exp               ir al estado 76
    constante         ir al estado 57
    constante_logica  ir al estado 58
    constante_entera  ir al estado 59
    identificador     ir al estado 60


Estado 53

   68 constante_logica: TOK_TRUE .

    $default  reduce usando la regla 68 (constante_logica)


Estado 54

   69 constante_logica: TOK_FALSE .

    $default  reduce usando la regla 69 (constante_logica)


Estado 55

   54 exp: elemento_vector .

    $default  reduce usando la regla 54 (exp)


Estado 56

   40 escritura: TOK_PRINTF exp .
   42 exp: exp . TOK_MAS exp
   43    | exp . TOK_MENOS exp
   44    | exp . TOK_DIVISION exp
   45    | exp . TOK_ASTERISCO exp
   47    | exp . TOK_AND TOK_AND exp
   48    | exp . TOK_OR TOK_OR exp

    TOK_MAS        desplazar e ir al estado 77
    TOK_MENOS      desplazar e ir al estado 78
    TOK_DIVISION   desplazar e ir al estado 79
    TOK_ASTERISCO  desplazar e ir al estado 80
    TOK_AND        desplazar e ir al estado 81
    TOK_OR         desplazar e ir al estado 82

    $default  reduce usando la regla 40 (escritura)


Estado 57

   51 exp: constante .

    $default  reduce usando la regla 51 (exp)


Estado 58

   66 constante: constante_logica .

    $default  reduce usando la regla 66 (constante)


Estado 59

   67 constante: constante_entera .

    $default  reduce usando la regla 67 (constante)


Estado 60

   35 elemento_vector: identificador . TOK_CORCHETEIZQUIERDO exp TOK_CORCHETEDERECHO
   50 exp: identificador .
   55    | identificador . TOK_PARENTESISIZQUIERDO lista_expresiones TOK_PARENTESISDERECHO

    TOK_PARENTESISIZQUIERDO  desplazar e ir al estado 83
    TOK_CORCHETEIZQUIERDO    desplazar e ir al estado 66

    $default  reduce usando la regla 50 (exp)


Estado 61

   41 retorno_funcion: TOK_RETURN exp .
   42 exp: exp . TOK_MAS exp
   43    | exp . TOK_MENOS exp
   44    | exp . TOK_DIVISION exp
   45    | exp . TOK_ASTERISCO exp
   47    | exp . TOK_AND TOK_AND exp
   48    | exp . TOK_OR TOK_OR exp

    TOK_MAS        desplazar e ir al estado 77
    TOK_MENOS      desplazar e ir al estado 78
    TOK_DIVISION   desplazar e ir al estado 79
    TOK_ASTERISCO  desplazar e ir al estado 80
    TOK_AND        desplazar e ir al estado 81
    TOK_OR         desplazar e ir al estado 82

    $default  reduce usando la regla 41 (retorno_funcion)


Estado 62

    1 programa: TOK_MAIN TOK_LLAVEIZQUIERDA declaraciones funciones sentencias TOK_LLAVEDERECHA .

    $default  reduce usando la regla 1 (programa)


Estado 63

   24 sentencias: sentencia sentencias .

    $default  reduce usando la regla 24 (sentencias)


Estado 64

   25 sentencia: sentencia_simple TOK_PUNTOYCOMA .

    $default  reduce usando la regla 25 (sentencia)


Estado 65

   34 asignacion: elemento_vector TOK_ASIGNACION . exp

    TOK_PARENTESISIZQUIERDO  desplazar e ir al estado 50
    TOK_MENOS                desplazar e ir al estado 51
    TOK_DISTINTO             desplazar e ir al estado 52
    TOK_IDENTIFICADOR        desplazar e ir al estado 19
    TOK_CONSTANTE_ENTERA     desplazar e ir al estado 44
    TOK_TRUE                 desplazar e ir al estado 53
    TOK_FALSE                desplazar e ir al estado 54

    elemento_vector   ir al estado 55
    exp               ir al estado 84
    constante         ir al estado 57
    constante_logica  ir al estado 58
    constante_entera  ir al estado 59
    identificador     ir al estado 60


Estado 66

   35 elemento_vector: identificador TOK_CORCHETEIZQUIERDO . exp TOK_CORCHETEDERECHO

    TOK_PARENTESISIZQUIERDO  desplazar e ir al estado 50
    TOK_MENOS                desplazar e ir al estado 51
    TOK_DISTINTO             desplazar e ir al estado 52
    TOK_IDENTIFICADOR        desplazar e ir al estado 19
    TOK_CONSTANTE_ENTERA     desplazar e ir al estado 44
    TOK_TRUE                 desplazar e ir al estado 53
    TOK_FALSE                desplazar e ir al estado 54

    elemento_vector   ir al estado 55
    exp               ir al estado 85
    constante         ir al estado 57
    constante_logica  ir al estado 58
    constante_entera  ir al estado 59
    identificador     ir al estado 60


Estado 67

   33 asignacion: identificador TOK_ASIGNACION . exp

    TOK_PARENTESISIZQUIERDO  desplazar e ir al estado 50
    TOK_MENOS                desplazar e ir al estado 51
    TOK_DISTINTO             desplazar e ir al estado 52
    TOK_IDENTIFICADOR        desplazar e ir al estado 19
    TOK_CONSTANTE_ENTERA     desplazar e ir al estado 44
    TOK_TRUE                 desplazar e ir al estado 53
    TOK_FALSE                desplazar e ir al estado 54

    elemento_vector   ir al estado 55
    exp               ir al estado 86
    constante         ir al estado 57
    constante_logica  ir al estado 58
    constante_entera  ir al estado 59
    identificador     ir al estado 60


Estado 68

   12 identificadores: identificador TOK_COMA identificadores .

    $default  reduce usando la regla 12 (identificadores)


Estado 69

   10 clase_vector: TOK_ARRAY tipo TOK_CORCHETEIZQUIERDO constante_entera TOK_CORCHETEDERECHO .

    $default  reduce usando la regla 10 (clase_vector)


Estado 70

   15 funcion: TOK_FUNCTION tipo identificador TOK_PARENTESISIZQUIERDO . parametros_funcion TOK_PARENTESISDERECHO TOK_LLAVEIZQUIERDA declaraciones_funcion sentencias TOK_LLAVEDERECHA

    TOK_INT      desplazar e ir al estado 5
    TOK_BOOLEAN  desplazar e ir al estado 6

    $default  reduce usando la regla 17 (parametros_funcion)

    tipo                ir al estado 87
    parametros_funcion  ir al estado 88
    parametro_funcion   ir al estado 89


Estado 71

   36 condicional: TOK_IF TOK_PARENTESISIZQUIERDO exp . TOK_PARENTESISDERECHO TOK_LLAVEIZQUIERDA sentencias TOK_LLAVEDERECHA
   37            | TOK_IF TOK_PARENTESISIZQUIERDO exp . TOK_PARENTESISDERECHO TOK_LLAVEIZQUIERDA sentencias TOK_LLAVEDERECHA TOK_ELSE TOK_LLAVEIZQUIERDA sentencias TOK_LLAVEDERECHA
   42 exp: exp . TOK_MAS exp
   43    | exp . TOK_MENOS exp
   44    | exp . TOK_DIVISION exp
   45    | exp . TOK_ASTERISCO exp
   47    | exp . TOK_AND TOK_AND exp
   48    | exp . TOK_OR TOK_OR exp

    TOK_PARENTESISDERECHO  desplazar e ir al estado 90
    TOK_MAS                desplazar e ir al estado 77
    TOK_MENOS              desplazar e ir al estado 78
    TOK_DIVISION           desplazar e ir al estado 79
    TOK_ASTERISCO          desplazar e ir al estado 80
    TOK_AND                desplazar e ir al estado 81
    TOK_OR                 desplazar e ir al estado 82


Estado 72

   38 bucle: TOK_WHILE TOK_PARENTESISIZQUIERDO exp . TOK_PARENTESISDERECHO TOK_LLAVEIZQUIERDA sentencias TOK_LLAVEDERECHA
   42 exp: exp . TOK_MAS exp
   43    | exp . TOK_MENOS exp
   44    | exp . TOK_DIVISION exp
   45    | exp . TOK_ASTERISCO exp
   47    | exp . TOK_AND TOK_AND exp
   48    | exp . TOK_OR TOK_OR exp

    TOK_PARENTESISDERECHO  desplazar e ir al estado 91
    TOK_MAS                desplazar e ir al estado 77
    TOK_MENOS              desplazar e ir al estado 78
    TOK_DIVISION           desplazar e ir al estado 79
    TOK_ASTERISCO          desplazar e ir al estado 80
    TOK_AND                desplazar e ir al estado 81
    TOK_OR                 desplazar e ir al estado 82


Estado 73

   42 exp: exp . TOK_MAS exp
   43    | exp . TOK_MENOS exp
   44    | exp . TOK_DIVISION exp
   45    | exp . TOK_ASTERISCO exp
   47    | exp . TOK_AND TOK_AND exp
   48    | exp . TOK_OR TOK_OR exp
   52    | TOK_PARENTESISIZQUIERDO exp . TOK_PARENTESISDERECHO
   60 comparacion: exp . TOK_IGUAL TOK_IGUAL exp
   61            | exp . TOK_DISTINTO exp
   62            | exp . TOK_MENORIGUAL exp
   63            | exp . TOK_MAYORIGUAL exp
   64            | exp . TOK_MENOR exp
   65            | exp . TOK_MAYOR exp

    TOK_PARENTESISDERECHO  desplazar e ir al estado 92
    TOK_MAS                desplazar e ir al estado 77
    TOK_MENOS              desplazar e ir al estado 78
    TOK_DIVISION           desplazar e ir al estado 79
    TOK_ASTERISCO          desplazar e ir al estado 80
    TOK_AND                desplazar e ir al estado 81
    TOK_OR                 desplazar e ir al estado 82
    TOK_IGUAL              desplazar e ir al estado 93
    TOK_DISTINTO           desplazar e ir al estado 94
    TOK_MENORIGUAL         desplazar e ir al estado 95
    TOK_MAYORIGUAL         desplazar e ir al estado 96
    TOK_MENOR              desplazar e ir al estado 97
    TOK_MAYOR              desplazar e ir al estado 98


Estado 74

   53 exp: TOK_PARENTESISIZQUIERDO comparacion . TOK_PARENTESISDERECHO

    TOK_PARENTESISDERECHO  desplazar e ir al estado 99


Estado 75

   42 exp: exp . TOK_MAS exp
   43    | exp . TOK_MENOS exp
   44    | exp . TOK_DIVISION exp
   45    | exp . TOK_ASTERISCO exp
   46    | TOK_MENOS exp .
   47    | exp . TOK_AND TOK_AND exp
   48    | exp . TOK_OR TOK_OR exp

    TOK_DIVISION   desplazar e ir al estado 79
    TOK_ASTERISCO  desplazar e ir al estado 80
    TOK_AND        desplazar e ir al estado 81
    TOK_OR         desplazar e ir al estado 82

    TOK_AND   [reduce usando la regla 46 (exp)]
    TOK_OR    [reduce usando la regla 46 (exp)]
    $default  reduce usando la regla 46 (exp)


Estado 76

   42 exp: exp . TOK_MAS exp
   43    | exp . TOK_MENOS exp
   44    | exp . TOK_DIVISION exp
   45    | exp . TOK_ASTERISCO exp
   47    | exp . TOK_AND TOK_AND exp
   48    | exp . TOK_OR TOK_OR exp
   49    | TOK_DISTINTO exp .

    TOK_MAS        desplazar e ir al estado 77
    TOK_MENOS      desplazar e ir al estado 78
    TOK_DIVISION   desplazar e ir al estado 79
    TOK_ASTERISCO  desplazar e ir al estado 80
    TOK_AND        desplazar e ir al estado 81
    TOK_OR         desplazar e ir al estado 82

    TOK_MAS        [reduce usando la regla 49 (exp)]
    TOK_MENOS      [reduce usando la regla 49 (exp)]
    TOK_DIVISION   [reduce usando la regla 49 (exp)]
    TOK_ASTERISCO  [reduce usando la regla 49 (exp)]
    TOK_AND        [reduce usando la regla 49 (exp)]
    TOK_OR         [reduce usando la regla 49 (exp)]
    $default       reduce usando la regla 49 (exp)


Estado 77

   42 exp: exp TOK_MAS . exp

    TOK_PARENTESISIZQUIERDO  desplazar e ir al estado 50
    TOK_MENOS                desplazar e ir al estado 51
    TOK_DISTINTO             desplazar e ir al estado 52
    TOK_IDENTIFICADOR        desplazar e ir al estado 19
    TOK_CONSTANTE_ENTERA     desplazar e ir al estado 44
    TOK_TRUE                 desplazar e ir al estado 53
    TOK_FALSE                desplazar e ir al estado 54

    elemento_vector   ir al estado 55
    exp               ir al estado 100
    constante         ir al estado 57
    constante_logica  ir al estado 58
    constante_entera  ir al estado 59
    identificador     ir al estado 60


Estado 78

   43 exp: exp TOK_MENOS . exp

    TOK_PARENTESISIZQUIERDO  desplazar e ir al estado 50
    TOK_MENOS                desplazar e ir al estado 51
    TOK_DISTINTO             desplazar e ir al estado 52
    TOK_IDENTIFICADOR        desplazar e ir al estado 19
    TOK_CONSTANTE_ENTERA     desplazar e ir al estado 44
    TOK_TRUE                 desplazar e ir al estado 53
    TOK_FALSE                desplazar e ir al estado 54

    elemento_vector   ir al estado 55
    exp               ir al estado 101
    constante         ir al estado 57
    constante_logica  ir al estado 58
    constante_entera  ir al estado 59
    identificador     ir al estado 60


Estado 79

   44 exp: exp TOK_DIVISION . exp

    TOK_PARENTESISIZQUIERDO  desplazar e ir al estado 50
    TOK_MENOS                desplazar e ir al estado 51
    TOK_DISTINTO             desplazar e ir al estado 52
    TOK_IDENTIFICADOR        desplazar e ir al estado 19
    TOK_CONSTANTE_ENTERA     desplazar e ir al estado 44
    TOK_TRUE                 desplazar e ir al estado 53
    TOK_FALSE                desplazar e ir al estado 54

    elemento_vector   ir al estado 55
    exp               ir al estado 102
    constante         ir al estado 57
    constante_logica  ir al estado 58
    constante_entera  ir al estado 59
    identificador     ir al estado 60


Estado 80

   45 exp: exp TOK_ASTERISCO . exp

    TOK_PARENTESISIZQUIERDO  desplazar e ir al estado 50
    TOK_MENOS                desplazar e ir al estado 51
    TOK_DISTINTO             desplazar e ir al estado 52
    TOK_IDENTIFICADOR        desplazar e ir al estado 19
    TOK_CONSTANTE_ENTERA     desplazar e ir al estado 44
    TOK_TRUE                 desplazar e ir al estado 53
    TOK_FALSE                desplazar e ir al estado 54

    elemento_vector   ir al estado 55
    exp               ir al estado 103
    constante         ir al estado 57
    constante_logica  ir al estado 58
    constante_entera  ir al estado 59
    identificador     ir al estado 60


Estado 81

   47 exp: exp TOK_AND . TOK_AND exp

    TOK_AND  desplazar e ir al estado 104


Estado 82

   48 exp: exp TOK_OR . TOK_OR exp

    TOK_OR  desplazar e ir al estado 105


Estado 83

   55 exp: identificador TOK_PARENTESISIZQUIERDO . lista_expresiones TOK_PARENTESISDERECHO

    TOK_PARENTESISIZQUIERDO  desplazar e ir al estado 50
    TOK_MENOS                desplazar e ir al estado 51
    TOK_DISTINTO             desplazar e ir al estado 52
    TOK_IDENTIFICADOR        desplazar e ir al estado 19
    TOK_CONSTANTE_ENTERA     desplazar e ir al estado 44
    TOK_TRUE                 desplazar e ir al estado 53
    TOK_FALSE                desplazar e ir al estado 54

    $default  reduce usando la regla 57 (lista_expresiones)

    elemento_vector    ir al estado 55
    exp                ir al estado 106
    lista_expresiones  ir al estado 107
    constante          ir al estado 57
    constante_logica   ir al estado 58
    constante_entera   ir al estado 59
    identificador      ir al estado 60


Estado 84

   34 asignacion: elemento_vector TOK_ASIGNACION exp .
   42 exp: exp . TOK_MAS exp
   43    | exp . TOK_MENOS exp
   44    | exp . TOK_DIVISION exp
   45    | exp . TOK_ASTERISCO exp
   47    | exp . TOK_AND TOK_AND exp
   48    | exp . TOK_OR TOK_OR exp

    TOK_MAS        desplazar e ir al estado 77
    TOK_MENOS      desplazar e ir al estado 78
    TOK_DIVISION   desplazar e ir al estado 79
    TOK_ASTERISCO  desplazar e ir al estado 80
    TOK_AND        desplazar e ir al estado 81
    TOK_OR         desplazar e ir al estado 82

    $default  reduce usando la regla 34 (asignacion)


Estado 85

   35 elemento_vector: identificador TOK_CORCHETEIZQUIERDO exp . TOK_CORCHETEDERECHO
   42 exp: exp . TOK_MAS exp
   43    | exp . TOK_MENOS exp
   44    | exp . TOK_DIVISION exp
   45    | exp . TOK_ASTERISCO exp
   47    | exp . TOK_AND TOK_AND exp
   48    | exp . TOK_OR TOK_OR exp

    TOK_CORCHETEDERECHO  desplazar e ir al estado 108
    TOK_MAS              desplazar e ir al estado 77
    TOK_MENOS            desplazar e ir al estado 78
    TOK_DIVISION         desplazar e ir al estado 79
    TOK_ASTERISCO        desplazar e ir al estado 80
    TOK_AND              desplazar e ir al estado 81
    TOK_OR               desplazar e ir al estado 82


Estado 86

   33 asignacion: identificador TOK_ASIGNACION exp .
   42 exp: exp . TOK_MAS exp
   43    | exp . TOK_MENOS exp
   44    | exp . TOK_DIVISION exp
   45    | exp . TOK_ASTERISCO exp
   47    | exp . TOK_AND TOK_AND exp
   48    | exp . TOK_OR TOK_OR exp

    TOK_MAS        desplazar e ir al estado 77
    TOK_MENOS      desplazar e ir al estado 78
    TOK_DIVISION   desplazar e ir al estado 79
    TOK_ASTERISCO  desplazar e ir al estado 80
    TOK_AND        desplazar e ir al estado 81
    TOK_OR         desplazar e ir al estado 82

    $default  reduce usando la regla 33 (asignacion)


Estado 87

   20 parametro_funcion: tipo . identificador

    TOK_IDENTIFICADOR  desplazar e ir al estado 19

    identificador  ir al estado 109


Estado 88

   15 funcion: TOK_FUNCTION tipo identificador TOK_PARENTESISIZQUIERDO parametros_funcion . TOK_PARENTESISDERECHO TOK_LLAVEIZQUIERDA declaraciones_funcion sentencias TOK_LLAVEDERECHA

    TOK_PARENTESISDERECHO  desplazar e ir al estado 110


Estado 89

   16 parametros_funcion: parametro_funcion . resto_parametros_funcion

    TOK_PUNTOYCOMA  desplazar e ir al estado 111

    $default  reduce usando la regla 19 (resto_parametros_funcion)

    resto_parametros_funcion  ir al estado 112


Estado 90

   36 condicional: TOK_IF TOK_PARENTESISIZQUIERDO exp TOK_PARENTESISDERECHO . TOK_LLAVEIZQUIERDA sentencias TOK_LLAVEDERECHA
   37            | TOK_IF TOK_PARENTESISIZQUIERDO exp TOK_PARENTESISDERECHO . TOK_LLAVEIZQUIERDA sentencias TOK_LLAVEDERECHA TOK_ELSE TOK_LLAVEIZQUIERDA sentencias TOK_LLAVEDERECHA

    TOK_LLAVEIZQUIERDA  desplazar e ir al estado 113


Estado 91

   38 bucle: TOK_WHILE TOK_PARENTESISIZQUIERDO exp TOK_PARENTESISDERECHO . TOK_LLAVEIZQUIERDA sentencias TOK_LLAVEDERECHA

    TOK_LLAVEIZQUIERDA  desplazar e ir al estado 114


Estado 92

   52 exp: TOK_PARENTESISIZQUIERDO exp TOK_PARENTESISDERECHO .

    $default  reduce usando la regla 52 (exp)


Estado 93

   60 comparacion: exp TOK_IGUAL . TOK_IGUAL exp

    TOK_IGUAL  desplazar e ir al estado 115


Estado 94

   61 comparacion: exp TOK_DISTINTO . exp

    TOK_PARENTESISIZQUIERDO  desplazar e ir al estado 50
    TOK_MENOS                desplazar e ir al estado 51
    TOK_DISTINTO             desplazar e ir al estado 52
    TOK_IDENTIFICADOR        desplazar e ir al estado 19
    TOK_CONSTANTE_ENTERA     desplazar e ir al estado 44
    TOK_TRUE                 desplazar e ir al estado 53
    TOK_FALSE                desplazar e ir al estado 54

    elemento_vector   ir al estado 55
    exp               ir al estado 116
    constante         ir al estado 57
    constante_logica  ir al estado 58
    constante_entera  ir al estado 59
    identificador     ir al estado 60


Estado 95

   62 comparacion: exp TOK_MENORIGUAL . exp

    TOK_PARENTESISIZQUIERDO  desplazar e ir al estado 50
    TOK_MENOS                desplazar e ir al estado 51
    TOK_DISTINTO             desplazar e ir al estado 52
    TOK_IDENTIFICADOR        desplazar e ir al estado 19
    TOK_CONSTANTE_ENTERA     desplazar e ir al estado 44
    TOK_TRUE                 desplazar e ir al estado 53
    TOK_FALSE                desplazar e ir al estado 54

    elemento_vector   ir al estado 55
    exp               ir al estado 117
    constante         ir al estado 57
    constante_logica  ir al estado 58
    constante_entera  ir al estado 59
    identificador     ir al estado 60


Estado 96

   63 comparacion: exp TOK_MAYORIGUAL . exp

    TOK_PARENTESISIZQUIERDO  desplazar e ir al estado 50
    TOK_MENOS                desplazar e ir al estado 51
    TOK_DISTINTO             desplazar e ir al estado 52
    TOK_IDENTIFICADOR        desplazar e ir al estado 19
    TOK_CONSTANTE_ENTERA     desplazar e ir al estado 44
    TOK_TRUE                 desplazar e ir al estado 53
    TOK_FALSE                desplazar e ir al estado 54

    elemento_vector   ir al estado 55
    exp               ir al estado 118
    constante         ir al estado 57
    constante_logica  ir al estado 58
    constante_entera  ir al estado 59
    identificador     ir al estado 60


Estado 97

   64 comparacion: exp TOK_MENOR . exp

    TOK_PARENTESISIZQUIERDO  desplazar e ir al estado 50
    TOK_MENOS                desplazar e ir al estado 51
    TOK_DISTINTO             desplazar e ir al estado 52
    TOK_IDENTIFICADOR        desplazar e ir al estado 19
    TOK_CONSTANTE_ENTERA     desplazar e ir al estado 44
    TOK_TRUE                 desplazar e ir al estado 53
    TOK_FALSE                desplazar e ir al estado 54

    elemento_vector   ir al estado 55
    exp               ir al estado 119
    constante         ir al estado 57
    constante_logica  ir al estado 58
    constante_entera  ir al estado 59
    identificador     ir al estado 60


Estado 98

   65 comparacion: exp TOK_MAYOR . exp

    TOK_PARENTESISIZQUIERDO  desplazar e ir al estado 50
    TOK_MENOS                desplazar e ir al estado 51
    TOK_DISTINTO             desplazar e ir al estado 52
    TOK_IDENTIFICADOR        desplazar e ir al estado 19
    TOK_CONSTANTE_ENTERA     desplazar e ir al estado 44
    TOK_TRUE                 desplazar e ir al estado 53
    TOK_FALSE                desplazar e ir al estado 54

    elemento_vector   ir al estado 55
    exp               ir al estado 120
    constante         ir al estado 57
    constante_logica  ir al estado 58
    constante_entera  ir al estado 59
    identificador     ir al estado 60


Estado 99

   53 exp: TOK_PARENTESISIZQUIERDO comparacion TOK_PARENTESISDERECHO .

    $default  reduce usando la regla 53 (exp)


Estado 100

   42 exp: exp . TOK_MAS exp
   42    | exp TOK_MAS exp .
   43    | exp . TOK_MENOS exp
   44    | exp . TOK_DIVISION exp
   45    | exp . TOK_ASTERISCO exp
   47    | exp . TOK_AND TOK_AND exp
   48    | exp . TOK_OR TOK_OR exp

    TOK_DIVISION   desplazar e ir al estado 79
    TOK_ASTERISCO  desplazar e ir al estado 80
    TOK_AND        desplazar e ir al estado 81
    TOK_OR         desplazar e ir al estado 82

    TOK_AND   [reduce usando la regla 42 (exp)]
    TOK_OR    [reduce usando la regla 42 (exp)]
    $default  reduce usando la regla 42 (exp)


Estado 101

   42 exp: exp . TOK_MAS exp
   43    | exp . TOK_MENOS exp
   43    | exp TOK_MENOS exp .
   44    | exp . TOK_DIVISION exp
   45    | exp . TOK_ASTERISCO exp
   47    | exp . TOK_AND TOK_AND exp
   48    | exp . TOK_OR TOK_OR exp

    TOK_DIVISION   desplazar e ir al estado 79
    TOK_ASTERISCO  desplazar e ir al estado 80
    TOK_AND        desplazar e ir al estado 81
    TOK_OR         desplazar e ir al estado 82

    TOK_AND   [reduce usando la regla 43 (exp)]
    TOK_OR    [reduce usando la regla 43 (exp)]
    $default  reduce usando la regla 43 (exp)


Estado 102

   42 exp: exp . TOK_MAS exp
   43    | exp . TOK_MENOS exp
   44    | exp . TOK_DIVISION exp
   44    | exp TOK_DIVISION exp .
   45    | exp . TOK_ASTERISCO exp
   47    | exp . TOK_AND TOK_AND exp
   48    | exp . TOK_OR TOK_OR exp

    TOK_AND  desplazar e ir al estado 81
    TOK_OR   desplazar e ir al estado 82

    TOK_AND   [reduce usando la regla 44 (exp)]
    TOK_OR    [reduce usando la regla 44 (exp)]
    $default  reduce usando la regla 44 (exp)


Estado 103

   42 exp: exp . TOK_MAS exp
   43    | exp . TOK_MENOS exp
   44    | exp . TOK_DIVISION exp
   45    | exp . TOK_ASTERISCO exp
   45    | exp TOK_ASTERISCO exp .
   47    | exp . TOK_AND TOK_AND exp
   48    | exp . TOK_OR TOK_OR exp

    TOK_AND  desplazar e ir al estado 81
    TOK_OR   desplazar e ir al estado 82

    TOK_AND   [reduce usando la regla 45 (exp)]
    TOK_OR    [reduce usando la regla 45 (exp)]
    $default  reduce usando la regla 45 (exp)


Estado 104

   47 exp: exp TOK_AND TOK_AND . exp

    TOK_PARENTESISIZQUIERDO  desplazar e ir al estado 50
    TOK_MENOS                desplazar e ir al estado 51
    TOK_DISTINTO             desplazar e ir al estado 52
    TOK_IDENTIFICADOR        desplazar e ir al estado 19
    TOK_CONSTANTE_ENTERA     desplazar e ir al estado 44
    TOK_TRUE                 desplazar e ir al estado 53
    TOK_FALSE                desplazar e ir al estado 54

    elemento_vector   ir al estado 55
    exp               ir al estado 121
    constante         ir al estado 57
    constante_logica  ir al estado 58
    constante_entera  ir al estado 59
    identificador     ir al estado 60


Estado 105

   48 exp: exp TOK_OR TOK_OR . exp

    TOK_PARENTESISIZQUIERDO  desplazar e ir al estado 50
    TOK_MENOS                desplazar e ir al estado 51
    TOK_DISTINTO             desplazar e ir al estado 52
    TOK_IDENTIFICADOR        desplazar e ir al estado 19
    TOK_CONSTANTE_ENTERA     desplazar e ir al estado 44
    TOK_TRUE                 desplazar e ir al estado 53
    TOK_FALSE                desplazar e ir al estado 54

    elemento_vector   ir al estado 55
    exp               ir al estado 122
    constante         ir al estado 57
    constante_logica  ir al estado 58
    constante_entera  ir al estado 59
    identificador     ir al estado 60


Estado 106

   42 exp: exp . TOK_MAS exp
   43    | exp . TOK_MENOS exp
   44    | exp . TOK_DIVISION exp
   45    | exp . TOK_ASTERISCO exp
   47    | exp . TOK_AND TOK_AND exp
   48    | exp . TOK_OR TOK_OR exp
   56 lista_expresiones: exp . resto_lista_expresiones

    TOK_COMA       desplazar e ir al estado 123
    TOK_MAS        desplazar e ir al estado 77
    TOK_MENOS      desplazar e ir al estado 78
    TOK_DIVISION   desplazar e ir al estado 79
    TOK_ASTERISCO  desplazar e ir al estado 80
    TOK_AND        desplazar e ir al estado 81
    TOK_OR         desplazar e ir al estado 82

    $default  reduce usando la regla 59 (resto_lista_expresiones)

    resto_lista_expresiones  ir al estado 124


Estado 107

   55 exp: identificador TOK_PARENTESISIZQUIERDO lista_expresiones . TOK_PARENTESISDERECHO

    TOK_PARENTESISDERECHO  desplazar e ir al estado 125


Estado 108

   35 elemento_vector: identificador TOK_CORCHETEIZQUIERDO exp TOK_CORCHETEDERECHO .

    $default  reduce usando la regla 35 (elemento_vector)


Estado 109

   20 parametro_funcion: tipo identificador .

    $default  reduce usando la regla 20 (parametro_funcion)


Estado 110

   15 funcion: TOK_FUNCTION tipo identificador TOK_PARENTESISIZQUIERDO parametros_funcion TOK_PARENTESISDERECHO . TOK_LLAVEIZQUIERDA declaraciones_funcion sentencias TOK_LLAVEDERECHA

    TOK_LLAVEIZQUIERDA  desplazar e ir al estado 126


Estado 111

   18 resto_parametros_funcion: TOK_PUNTOYCOMA . parametro_funcion resto_parametros_funcion

    TOK_INT      desplazar e ir al estado 5
    TOK_BOOLEAN  desplazar e ir al estado 6

    tipo               ir al estado 87
    parametro_funcion  ir al estado 127


Estado 112

   16 parametros_funcion: parametro_funcion resto_parametros_funcion .

    $default  reduce usando la regla 16 (parametros_funcion)


Estado 113

   36 condicional: TOK_IF TOK_PARENTESISIZQUIERDO exp TOK_PARENTESISDERECHO TOK_LLAVEIZQUIERDA . sentencias TOK_LLAVEDERECHA
   37            | TOK_IF TOK_PARENTESISIZQUIERDO exp TOK_PARENTESISDERECHO TOK_LLAVEIZQUIERDA . sentencias TOK_LLAVEDERECHA TOK_ELSE TOK_LLAVEIZQUIERDA sentencias TOK_LLAVEDERECHA

    TOK_IF             desplazar e ir al estado 24
    TOK_WHILE          desplazar e ir al estado 25
    TOK_SCANF          desplazar e ir al estado 26
    TOK_PRINTF         desplazar e ir al estado 27
    TOK_RETURN         desplazar e ir al estado 28
    TOK_IDENTIFICADOR  desplazar e ir al estado 19

    sentencias        ir al estado 128
    sentencia         ir al estado 30
    sentencia_simple  ir al estado 31
    bloque            ir al estado 32
    asignacion        ir al estado 33
    elemento_vector   ir al estado 34
    condicional       ir al estado 35
    bucle             ir al estado 36
    lectura           ir al estado 37
    escritura         ir al estado 38
    retorno_funcion   ir al estado 39
    identificador     ir al estado 40


Estado 114

   38 bucle: TOK_WHILE TOK_PARENTESISIZQUIERDO exp TOK_PARENTESISDERECHO TOK_LLAVEIZQUIERDA . sentencias TOK_LLAVEDERECHA

    TOK_IF             desplazar e ir al estado 24
    TOK_WHILE          desplazar e ir al estado 25
    TOK_SCANF          desplazar e ir al estado 26
    TOK_PRINTF         desplazar e ir al estado 27
    TOK_RETURN         desplazar e ir al estado 28
    TOK_IDENTIFICADOR  desplazar e ir al estado 19

    sentencias        ir al estado 129
    sentencia         ir al estado 30
    sentencia_simple  ir al estado 31
    bloque            ir al estado 32
    asignacion        ir al estado 33
    elemento_vector   ir al estado 34
    condicional       ir al estado 35
    bucle             ir al estado 36
    lectura           ir al estado 37
    escritura         ir al estado 38
    retorno_funcion   ir al estado 39
    identificador     ir al estado 40


Estado 115

   60 comparacion: exp TOK_IGUAL TOK_IGUAL . exp

    TOK_PARENTESISIZQUIERDO  desplazar e ir al estado 50
    TOK_MENOS                desplazar e ir al estado 51
    TOK_DISTINTO             desplazar e ir al estado 52
    TOK_IDENTIFICADOR        desplazar e ir al estado 19
    TOK_CONSTANTE_ENTERA     desplazar e ir al estado 44
    TOK_TRUE                 desplazar e ir al estado 53
    TOK_FALSE                desplazar e ir al estado 54

    elemento_vector   ir al estado 55
    exp               ir al estado 130
    constante         ir al estado 57
    constante_logica  ir al estado 58
    constante_entera  ir al estado 59
    identificador     ir al estado 60


Estado 116

   42 exp: exp . TOK_MAS exp
   43    | exp . TOK_MENOS exp
   44    | exp . TOK_DIVISION exp
   45    | exp . TOK_ASTERISCO exp
   47    | exp . TOK_AND TOK_AND exp
   48    | exp . TOK_OR TOK_OR exp
   61 comparacion: exp TOK_DISTINTO exp .

    TOK_MAS        desplazar e ir al estado 77
    TOK_MENOS      desplazar e ir al estado 78
    TOK_DIVISION   desplazar e ir al estado 79
    TOK_ASTERISCO  desplazar e ir al estado 80
    TOK_AND        desplazar e ir al estado 81
    TOK_OR         desplazar e ir al estado 82

    $default  reduce usando la regla 61 (comparacion)


Estado 117

   42 exp: exp . TOK_MAS exp
   43    | exp . TOK_MENOS exp
   44    | exp . TOK_DIVISION exp
   45    | exp . TOK_ASTERISCO exp
   47    | exp . TOK_AND TOK_AND exp
   48    | exp . TOK_OR TOK_OR exp
   62 comparacion: exp TOK_MENORIGUAL exp .

    TOK_MAS        desplazar e ir al estado 77
    TOK_MENOS      desplazar e ir al estado 78
    TOK_DIVISION   desplazar e ir al estado 79
    TOK_ASTERISCO  desplazar e ir al estado 80
    TOK_AND        desplazar e ir al estado 81
    TOK_OR         desplazar e ir al estado 82

    $default  reduce usando la regla 62 (comparacion)


Estado 118

   42 exp: exp . TOK_MAS exp
   43    | exp . TOK_MENOS exp
   44    | exp . TOK_DIVISION exp
   45    | exp . TOK_ASTERISCO exp
   47    | exp . TOK_AND TOK_AND exp
   48    | exp . TOK_OR TOK_OR exp
   63 comparacion: exp TOK_MAYORIGUAL exp .

    TOK_MAS        desplazar e ir al estado 77
    TOK_MENOS      desplazar e ir al estado 78
    TOK_DIVISION   desplazar e ir al estado 79
    TOK_ASTERISCO  desplazar e ir al estado 80
    TOK_AND        desplazar e ir al estado 81
    TOK_OR         desplazar e ir al estado 82

    $default  reduce usando la regla 63 (comparacion)


Estado 119

   42 exp: exp . TOK_MAS exp
   43    | exp . TOK_MENOS exp
   44    | exp . TOK_DIVISION exp
   45    | exp . TOK_ASTERISCO exp
   47    | exp . TOK_AND TOK_AND exp
   48    | exp . TOK_OR TOK_OR exp
   64 comparacion: exp TOK_MENOR exp .

    TOK_MAS        desplazar e ir al estado 77
    TOK_MENOS      desplazar e ir al estado 78
    TOK_DIVISION   desplazar e ir al estado 79
    TOK_ASTERISCO  desplazar e ir al estado 80
    TOK_AND        desplazar e ir al estado 81
    TOK_OR         desplazar e ir al estado 82

    $default  reduce usando la regla 64 (comparacion)


Estado 120

   42 exp: exp . TOK_MAS exp
   43    | exp . TOK_MENOS exp
   44    | exp . TOK_DIVISION exp
   45    | exp . TOK_ASTERISCO exp
   47    | exp . TOK_AND TOK_AND exp
   48    | exp . TOK_OR TOK_OR exp
   65 comparacion: exp TOK_MAYOR exp .

    TOK_MAS        desplazar e ir al estado 77
    TOK_MENOS      desplazar e ir al estado 78
    TOK_DIVISION   desplazar e ir al estado 79
    TOK_ASTERISCO  desplazar e ir al estado 80
    TOK_AND        desplazar e ir al estado 81
    TOK_OR         desplazar e ir al estado 82

    $default  reduce usando la regla 65 (comparacion)


Estado 121

   42 exp: exp . TOK_MAS exp
   43    | exp . TOK_MENOS exp
   44    | exp . TOK_DIVISION exp
   45    | exp . TOK_ASTERISCO exp
   47    | exp . TOK_AND TOK_AND exp
   47    | exp TOK_AND TOK_AND exp .
   48    | exp . TOK_OR TOK_OR exp

    TOK_MAS        desplazar e ir al estado 77
    TOK_MENOS      desplazar e ir al estado 78
    TOK_DIVISION   desplazar e ir al estado 79
    TOK_ASTERISCO  desplazar e ir al estado 80
    TOK_AND        desplazar e ir al estado 81
    TOK_OR         desplazar e ir al estado 82

    TOK_MAS        [reduce usando la regla 47 (exp)]
    TOK_MENOS      [reduce usando la regla 47 (exp)]
    TOK_DIVISION   [reduce usando la regla 47 (exp)]
    TOK_ASTERISCO  [reduce usando la regla 47 (exp)]
    TOK_AND        [reduce usando la regla 47 (exp)]
    TOK_OR         [reduce usando la regla 47 (exp)]
    $default       reduce usando la regla 47 (exp)


Estado 122

   42 exp: exp . TOK_MAS exp
   43    | exp . TOK_MENOS exp
   44    | exp . TOK_DIVISION exp
   45    | exp . TOK_ASTERISCO exp
   47    | exp . TOK_AND TOK_AND exp
   48    | exp . TOK_OR TOK_OR exp
   48    | exp TOK_OR TOK_OR exp .

    TOK_MAS        desplazar e ir al estado 77
    TOK_MENOS      desplazar e ir al estado 78
    TOK_DIVISION   desplazar e ir al estado 79
    TOK_ASTERISCO  desplazar e ir al estado 80
    TOK_AND        desplazar e ir al estado 81
    TOK_OR         desplazar e ir al estado 82

    TOK_MAS        [reduce usando la regla 48 (exp)]
    TOK_MENOS      [reduce usando la regla 48 (exp)]
    TOK_DIVISION   [reduce usando la regla 48 (exp)]
    TOK_ASTERISCO  [reduce usando la regla 48 (exp)]
    TOK_AND        [reduce usando la regla 48 (exp)]
    TOK_OR         [reduce usando la regla 48 (exp)]
    $default       reduce usando la regla 48 (exp)


Estado 123

   58 resto_lista_expresiones: TOK_COMA . exp resto_lista_expresiones

    TOK_PARENTESISIZQUIERDO  desplazar e ir al estado 50
    TOK_MENOS                desplazar e ir al estado 51
    TOK_DISTINTO             desplazar e ir al estado 52
    TOK_IDENTIFICADOR        desplazar e ir al estado 19
    TOK_CONSTANTE_ENTERA     desplazar e ir al estado 44
    TOK_TRUE                 desplazar e ir al estado 53
    TOK_FALSE                desplazar e ir al estado 54

    elemento_vector   ir al estado 55
    exp               ir al estado 131
    constante         ir al estado 57
    constante_logica  ir al estado 58
    constante_entera  ir al estado 59
    identificador     ir al estado 60


Estado 124

   56 lista_expresiones: exp resto_lista_expresiones .

    $default  reduce usando la regla 56 (lista_expresiones)


Estado 125

   55 exp: identificador TOK_PARENTESISIZQUIERDO lista_expresiones TOK_PARENTESISDERECHO .

    $default  reduce usando la regla 55 (exp)


Estado 126

   15 funcion: TOK_FUNCTION tipo identificador TOK_PARENTESISIZQUIERDO parametros_funcion TOK_PARENTESISDERECHO TOK_LLAVEIZQUIERDA . declaraciones_funcion sentencias TOK_LLAVEDERECHA

    TOK_INT      desplazar e ir al estado 5
    TOK_BOOLEAN  desplazar e ir al estado 6
    TOK_ARRAY    desplazar e ir al estado 7

    $default  reduce usando la regla 22 (declaraciones_funcion)

    declaraciones          ir al estado 132
    declaracion            ir al estado 9
    clase                  ir al estado 10
    clase_escalar          ir al estado 11
    tipo                   ir al estado 12
    clase_vector           ir al estado 13
    declaraciones_funcion  ir al estado 133


Estado 127

   18 resto_parametros_funcion: TOK_PUNTOYCOMA parametro_funcion . resto_parametros_funcion

    TOK_PUNTOYCOMA  desplazar e ir al estado 111

    $default  reduce usando la regla 19 (resto_parametros_funcion)

    resto_parametros_funcion  ir al estado 134


Estado 128

   36 condicional: TOK_IF TOK_PARENTESISIZQUIERDO exp TOK_PARENTESISDERECHO TOK_LLAVEIZQUIERDA sentencias . TOK_LLAVEDERECHA
   37            | TOK_IF TOK_PARENTESISIZQUIERDO exp TOK_PARENTESISDERECHO TOK_LLAVEIZQUIERDA sentencias . TOK_LLAVEDERECHA TOK_ELSE TOK_LLAVEIZQUIERDA sentencias TOK_LLAVEDERECHA

    TOK_LLAVEDERECHA  desplazar e ir al estado 135


Estado 129

   38 bucle: TOK_WHILE TOK_PARENTESISIZQUIERDO exp TOK_PARENTESISDERECHO TOK_LLAVEIZQUIERDA sentencias . TOK_LLAVEDERECHA

    TOK_LLAVEDERECHA  desplazar e ir al estado 136


Estado 130

   42 exp: exp . TOK_MAS exp
   43    | exp . TOK_MENOS exp
   44    | exp . TOK_DIVISION exp
   45    | exp . TOK_ASTERISCO exp
   47    | exp . TOK_AND TOK_AND exp
   48    | exp . TOK_OR TOK_OR exp
   60 comparacion: exp TOK_IGUAL TOK_IGUAL exp .

    TOK_MAS        desplazar e ir al estado 77
    TOK_MENOS      desplazar e ir al estado 78
    TOK_DIVISION   desplazar e ir al estado 79
    TOK_ASTERISCO  desplazar e ir al estado 80
    TOK_AND        desplazar e ir al estado 81
    TOK_OR         desplazar e ir al estado 82

    $default  reduce usando la regla 60 (comparacion)


Estado 131

   42 exp: exp . TOK_MAS exp
   43    | exp . TOK_MENOS exp
   44    | exp . TOK_DIVISION exp
   45    | exp . TOK_ASTERISCO exp
   47    | exp . TOK_AND TOK_AND exp
   48    | exp . TOK_OR TOK_OR exp
   58 resto_lista_expresiones: TOK_COMA exp . resto_lista_expresiones

    TOK_COMA       desplazar e ir al estado 123
    TOK_MAS        desplazar e ir al estado 77
    TOK_MENOS      desplazar e ir al estado 78
    TOK_DIVISION   desplazar e ir al estado 79
    TOK_ASTERISCO  desplazar e ir al estado 80
    TOK_AND        desplazar e ir al estado 81
    TOK_OR         desplazar e ir al estado 82

    $default  reduce usando la regla 59 (resto_lista_expresiones)

    resto_lista_expresiones  ir al estado 137


Estado 132

   21 declaraciones_funcion: declaraciones .

    $default  reduce usando la regla 21 (declaraciones_funcion)


Estado 133

   15 funcion: TOK_FUNCTION tipo identificador TOK_PARENTESISIZQUIERDO parametros_funcion TOK_PARENTESISDERECHO TOK_LLAVEIZQUIERDA declaraciones_funcion . sentencias TOK_LLAVEDERECHA

    TOK_IF             desplazar e ir al estado 24
    TOK_WHILE          desplazar e ir al estado 25
    TOK_SCANF          desplazar e ir al estado 26
    TOK_PRINTF         desplazar e ir al estado 27
    TOK_RETURN         desplazar e ir al estado 28
    TOK_IDENTIFICADOR  desplazar e ir al estado 19

    sentencias        ir al estado 138
    sentencia         ir al estado 30
    sentencia_simple  ir al estado 31
    bloque            ir al estado 32
    asignacion        ir al estado 33
    elemento_vector   ir al estado 34
    condicional       ir al estado 35
    bucle             ir al estado 36
    lectura           ir al estado 37
    escritura         ir al estado 38
    retorno_funcion   ir al estado 39
    identificador     ir al estado 40


Estado 134

   18 resto_parametros_funcion: TOK_PUNTOYCOMA parametro_funcion resto_parametros_funcion .

    $default  reduce usando la regla 18 (resto_parametros_funcion)


Estado 135

   36 condicional: TOK_IF TOK_PARENTESISIZQUIERDO exp TOK_PARENTESISDERECHO TOK_LLAVEIZQUIERDA sentencias TOK_LLAVEDERECHA .
   37            | TOK_IF TOK_PARENTESISIZQUIERDO exp TOK_PARENTESISDERECHO TOK_LLAVEIZQUIERDA sentencias TOK_LLAVEDERECHA . TOK_ELSE TOK_LLAVEIZQUIERDA sentencias TOK_LLAVEDERECHA

    TOK_ELSE  desplazar e ir al estado 139

    $default  reduce usando la regla 36 (condicional)


Estado 136

   38 bucle: TOK_WHILE TOK_PARENTESISIZQUIERDO exp TOK_PARENTESISDERECHO TOK_LLAVEIZQUIERDA sentencias TOK_LLAVEDERECHA .

    $default  reduce usando la regla 38 (bucle)


Estado 137

   58 resto_lista_expresiones: TOK_COMA exp resto_lista_expresiones .

    $default  reduce usando la regla 58 (resto_lista_expresiones)


Estado 138

   15 funcion: TOK_FUNCTION tipo identificador TOK_PARENTESISIZQUIERDO parametros_funcion TOK_PARENTESISDERECHO TOK_LLAVEIZQUIERDA declaraciones_funcion sentencias . TOK_LLAVEDERECHA

    TOK_LLAVEDERECHA  desplazar e ir al estado 140


Estado 139

   37 condicional: TOK_IF TOK_PARENTESISIZQUIERDO exp TOK_PARENTESISDERECHO TOK_LLAVEIZQUIERDA sentencias TOK_LLAVEDERECHA TOK_ELSE . TOK_LLAVEIZQUIERDA sentencias TOK_LLAVEDERECHA

    TOK_LLAVEIZQUIERDA  desplazar e ir al estado 141


Estado 140

   15 funcion: TOK_FUNCTION tipo identificador TOK_PARENTESISIZQUIERDO parametros_funcion TOK_PARENTESISDERECHO TOK_LLAVEIZQUIERDA declaraciones_funcion sentencias TOK_LLAVEDERECHA .

    $default  reduce usando la regla 15 (funcion)


Estado 141

   37 condicional: TOK_IF TOK_PARENTESISIZQUIERDO exp TOK_PARENTESISDERECHO TOK_LLAVEIZQUIERDA sentencias TOK_LLAVEDERECHA TOK_ELSE TOK_LLAVEIZQUIERDA . sentencias TOK_LLAVEDERECHA

    TOK_IF             desplazar e ir al estado 24
    TOK_WHILE          desplazar e ir al estado 25
    TOK_SCANF          desplazar e ir al estado 26
    TOK_PRINTF         desplazar e ir al estado 27
    TOK_RETURN         desplazar e ir al estado 28
    TOK_IDENTIFICADOR  desplazar e ir al estado 19

    sentencias        ir al estado 142
    sentencia         ir al estado 30
    sentencia_simple  ir al estado 31
    bloque            ir al estado 32
    asignacion        ir al estado 33
    elemento_vector   ir al estado 34
    condicional       ir al estado 35
    bucle             ir al estado 36
    lectura           ir al estado 37
    escritura         ir al estado 38
    retorno_funcion   ir al estado 39
    identificador     ir al estado 40


Estado 142

   37 condicional: TOK_IF TOK_PARENTESISIZQUIERDO exp TOK_PARENTESISDERECHO TOK_LLAVEIZQUIERDA sentencias TOK_LLAVEDERECHA TOK_ELSE TOK_LLAVEIZQUIERDA sentencias . TOK_LLAVEDERECHA

    TOK_LLAVEDERECHA  desplazar e ir al estado 143


Estado 143

   37 condicional: TOK_IF TOK_PARENTESISIZQUIERDO exp TOK_PARENTESISDERECHO TOK_LLAVEIZQUIERDA sentencias TOK_LLAVEDERECHA TOK_ELSE TOK_LLAVEIZQUIERDA sentencias TOK_LLAVEDERECHA .

    $default  reduce usando la regla 37 (condicional)
